  [1m[35m (38.5ms)[0m  [1m[35mCREATE DATABASE "agri_post_development" ENCODING = 'unicode'[0m
  [1m[35m (35.5ms)[0m  [1m[35mCREATE DATABASE "agri_post_test" ENCODING = 'unicode'[0m
  [1m[35m (4.5ms)[0m  [1m[35mCREATE TABLE "schema_migrations" ("version" character varying NOT NULL PRIMARY KEY)[0m
  [1m[35m (2.9ms)[0m  [1m[35mCREATE TABLE "ar_internal_metadata" ("key" character varying NOT NULL PRIMARY KEY, "value" character varying, "created_at" timestamp(6) NOT NULL, "updated_at" timestamp(6) NOT NULL)[0m
  [1m[35m (0.1ms)[0m  [1m[34mSELECT pg_try_advisory_lock(1541313186232957620)[0m
  [1m[36mActiveRecord::SchemaMigration Load (0.8ms)[0m  [1m[34mSELECT "schema_migrations"."version" FROM "schema_migrations" ORDER BY "schema_migrations"."version" ASC[0m
  [1m[36mActiveRecord::InternalMetadata Load (0.7ms)[0m  [1m[34mSELECT * FROM "ar_internal_metadata" WHERE "ar_internal_metadata"."key" = $1 ORDER BY "ar_internal_metadata"."key" ASC LIMIT 1[0m  [[nil, "environment"]]
  [1m[36mActiveRecord::InternalMetadata Create (0.4ms)[0m  [1m[32mINSERT INTO "ar_internal_metadata" ("key", "value", "created_at", "updated_at") VALUES ('environment', 'development', '2024-04-27 23:49:10.854768', '2024-04-27 23:49:10.854771') RETURNING "key"[0m
Migrating to CreatePosts (20240427234901)
  [1m[36mTRANSACTION (0.1ms)[0m  [1m[35mBEGIN[0m
  [1m[35m (5.9ms)[0m  [1m[35mCREATE TABLE "posts" ("id" bigserial primary key, "post_name" character varying, "post_description" character varying, "created_at" timestamp(6) NOT NULL, "updated_at" timestamp(6) NOT NULL)[0m
  [1m[36mActiveRecord::SchemaMigration Create (0.5ms)[0m  [1m[32mINSERT INTO "schema_migrations" ("version") VALUES ('20240427234901') RETURNING "version"[0m
  [1m[36mTRANSACTION (0.6ms)[0m  [1m[35mCOMMIT[0m
  [1m[35m (0.3ms)[0m  [1m[34mSELECT pg_advisory_unlock(1541313186232957620)[0m
  [1m[36mActiveRecord::SchemaMigration Load (0.1ms)[0m  [1m[34mSELECT "schema_migrations"."version" FROM "schema_migrations" ORDER BY "schema_migrations"."version" ASC[0m
  [1m[36mActiveRecord::SchemaMigration Load (0.8ms)[0m  [1m[34mSELECT "schema_migrations"."version" FROM "schema_migrations" ORDER BY "schema_migrations"."version" ASC[0m
  [1m[36mActiveRecord::SchemaMigration Load (0.8ms)[0m  [1m[34mSELECT "schema_migrations"."version" FROM "schema_migrations" ORDER BY "schema_migrations"."version" ASC[0m
  [1m[36mTRANSACTION (0.1ms)[0m  [1m[35mBEGIN[0m
  [1m[36mPost Create (1.7ms)[0m  [1m[32mINSERT INTO "posts" ("post_name", "post_description", "created_at", "updated_at") VALUES ($1, $2, $3, $4) RETURNING "id"[0m  [["post_name", "POST1"], ["post_description", "Hamster"], ["created_at", "2024-04-27 23:54:40.408077"], ["updated_at", "2024-04-27 23:54:40.408077"]]
  [1m[36mTRANSACTION (0.3ms)[0m  [1m[35mCOMMIT[0m
  [1m[36mTRANSACTION (0.1ms)[0m  [1m[35mBEGIN[0m
  [1m[36mPost Create (0.5ms)[0m  [1m[32mINSERT INTO "posts" ("post_name", "post_description", "created_at", "updated_at") VALUES ($1, $2, $3, $4) RETURNING "id"[0m  [["post_name", "POST2"], ["post_description", "Hamtaro"], ["created_at", "2024-04-27 23:54:40.410918"], ["updated_at", "2024-04-27 23:54:40.410918"]]
  [1m[36mTRANSACTION (0.2ms)[0m  [1m[35mCOMMIT[0m
  [1m[36mTRANSACTION (0.0ms)[0m  [1m[35mBEGIN[0m
  [1m[36mPost Create (0.5ms)[0m  [1m[32mINSERT INTO "posts" ("post_name", "post_description", "created_at", "updated_at") VALUES ($1, $2, $3, $4) RETURNING "id"[0m  [["post_name", "POST3"], ["post_description", "Ribbon"], ["created_at", "2024-04-27 23:54:40.412202"], ["updated_at", "2024-04-27 23:54:40.412202"]]
  [1m[36mTRANSACTION (0.2ms)[0m  [1m[35mCOMMIT[0m
Started GET "/posts" for 127.0.0.1 at 2024-04-27 20:56:29 -0400
  [1m[36mActiveRecord::SchemaMigration Load (1.0ms)[0m  [1m[34mSELECT "schema_migrations"."version" FROM "schema_migrations" ORDER BY "schema_migrations"."version" ASC[0m
Processing by PostsController#index as HTML
  [1m[36mPost Load (0.4ms)[0m  [1m[34mSELECT "posts".* FROM "posts"[0m
  ↳ app/controllers/posts_controller.rb:5:in `index'
Completed 200 OK in 45ms (Views: 12.0ms | ActiveRecord: 12.8ms | Allocations: 22419)


Started GET "/favicon.ico" for 127.0.0.1 at 2024-04-27 20:56:29 -0400
  
ActionController::RoutingError (No route matches [GET] "/favicon.ico"):
  
Started GET "/" for 127.0.0.1 at 2024-04-28 19:37:24 -0400
  [1m[36mActiveRecord::SchemaMigration Load (3.6ms)[0m  [1m[34mSELECT "schema_migrations"."version" FROM "schema_migrations" ORDER BY "schema_migrations"."version" ASC[0m
Processing by Rails::WelcomeController#index as HTML
  Rendering /opt/homebrew/lib/ruby/gems/3.3.0/gems/railties-7.1.3.2/lib/rails/templates/rails/welcome/index.html.erb
  Rendered /opt/homebrew/lib/ruby/gems/3.3.0/gems/railties-7.1.3.2/lib/rails/templates/rails/welcome/index.html.erb (Duration: 0.3ms | Allocations: 365)
Completed 200 OK in 7ms (Views: 1.7ms | ActiveRecord: 0.0ms | Allocations: 4861)


Started GET "/agriPost" for 127.0.0.1 at 2024-04-28 19:37:35 -0400
  
ActionController::RoutingError (No route matches [GET] "/agriPost"):
  
Started GET "/favicon.ico" for 127.0.0.1 at 2024-04-28 19:37:35 -0400
  
ActionController::RoutingError (No route matches [GET] "/favicon.ico"):
  
Started GET "/" for 127.0.0.1 at 2024-04-28 19:53:49 -0400
  [1m[36mActiveRecord::SchemaMigration Load (1.0ms)[0m  [1m[34mSELECT "schema_migrations"."version" FROM "schema_migrations" ORDER BY "schema_migrations"."version" ASC[0m
Processing by Rails::WelcomeController#index as HTML
  Rendering /opt/homebrew/lib/ruby/gems/3.3.0/gems/railties-7.1.3.2/lib/rails/templates/rails/welcome/index.html.erb
  Rendered /opt/homebrew/lib/ruby/gems/3.3.0/gems/railties-7.1.3.2/lib/rails/templates/rails/welcome/index.html.erb (Duration: 0.3ms | Allocations: 365)
Completed 200 OK in 5ms (Views: 1.7ms | ActiveRecord: 0.0ms | Allocations: 4200)


Started GET "/posts" for 127.0.0.1 at 2024-04-28 19:53:55 -0400
  
ArgumentError (Before process_action callback :verify_authenticity_token has not been defined):
  
app/controllers/posts_controller.rb:3:in `<class:PostsController>'
app/controllers/posts_controller.rb:1:in `<main>'
Started GET "/posts" for 127.0.0.1 at 2024-04-28 19:54:18 -0400
  [1m[36mActiveRecord::SchemaMigration Load (1.0ms)[0m  [1m[34mSELECT "schema_migrations"."version" FROM "schema_migrations" ORDER BY "schema_migrations"."version" ASC[0m
Processing by PostsController#index as HTML
  [1m[36mPost Load (2.2ms)[0m  [1m[34mSELECT "posts".* FROM "posts"[0m
  ↳ app/controllers/posts_controller.rb:6:in `index'
Completed 200 OK in 44ms (Views: 11.7ms | ActiveRecord: 24.7ms | Allocations: 19974)


Started GET "/favicon.ico" for 127.0.0.1 at 2024-04-28 19:54:18 -0400
  
ActionController::RoutingError (No route matches [GET] "/favicon.ico"):
  
Started GET "/" for 127.0.0.1 at 2024-04-28 21:07:56 -0400
Processing by PostsController#index as HTML
  [1m[36mPost Load (12.4ms)[0m  [1m[34mSELECT "posts".* FROM "posts"[0m
  ↳ app/controllers/posts_controller.rb:6:in `index'
Completed 200 OK in 17ms (Views: -3.2ms | ActiveRecord: 18.9ms | Allocations: 6446)


Started GET "/posts" for 127.0.0.1 at 2024-04-28 21:08:32 -0400
Processing by PostsController#index as HTML
  [1m[36mPost Load (1.2ms)[0m  [1m[34mSELECT "posts".* FROM "posts"[0m
  ↳ app/controllers/posts_controller.rb:6:in `index'
Completed 200 OK in 4ms (Views: 2.5ms | ActiveRecord: 1.1ms | Allocations: 727)


Started GET "/posts" for 127.0.0.1 at 2024-04-28 22:43:13 -0400
Processing by PostsController#index as HTML
  [1m[36mPost Load (24.0ms)[0m  [1m[34mSELECT "posts".* FROM "posts"[0m
  ↳ app/controllers/posts_controller.rb:6:in `index'
Completed 200 OK in 26ms (Views: -4.7ms | ActiveRecord: 30.7ms | Allocations: 3480)


Started GET "/favicon.ico" for 127.0.0.1 at 2024-04-28 22:43:13 -0400
  
ActionController::RoutingError (No route matches [GET] "/favicon.ico"):
  
Started GET "/posts" for 127.0.0.1 at 2024-04-28 22:47:54 -0400
  [1m[36mActiveRecord::SchemaMigration Load (1.2ms)[0m  [1m[34mSELECT "schema_migrations"."version" FROM "schema_migrations" ORDER BY "schema_migrations"."version" ASC[0m
Processing by PostsController#index as */*
  Parameters: {"post"=>{}}
  [1m[36mPost Load (0.5ms)[0m  [1m[34mSELECT "posts".* FROM "posts"[0m
  ↳ app/controllers/posts_controller.rb:6:in `index'
Completed 200 OK in 12ms (Views: 4.3ms | ActiveRecord: 11.6ms | Allocations: 12042)


Started GET "/posts" for 127.0.0.1 at 2024-04-28 22:47:55 -0400
Processing by PostsController#index as */*
  Parameters: {"post"=>{}}
  [1m[36mPost Load (0.3ms)[0m  [1m[34mSELECT "posts".* FROM "posts"[0m
  ↳ app/controllers/posts_controller.rb:6:in `index'
Completed 200 OK in 1ms (Views: 0.5ms | ActiveRecord: 0.3ms | Allocations: 717)


Started GET "/posts" for 127.0.0.1 at 2024-04-28 22:47:59 -0400
Processing by PostsController#index as HTML
  [1m[36mPost Load (0.4ms)[0m  [1m[34mSELECT "posts".* FROM "posts"[0m
  ↳ app/controllers/posts_controller.rb:6:in `index'
Completed 200 OK in 3ms (Views: 2.5ms | ActiveRecord: 0.4ms | Allocations: 729)


Started GET "/posts" for 127.0.0.1 at 2024-04-28 22:51:01 -0400
Processing by PostsController#index as */*
  Parameters: {"post"=>{}}
  [1m[36mPost Load (0.3ms)[0m  [1m[34mSELECT "posts".* FROM "posts"[0m
  ↳ app/controllers/posts_controller.rb:6:in `index'
Completed 200 OK in 1ms (Views: 0.8ms | ActiveRecord: 0.3ms | Allocations: 715)


Started GET "/posts" for 127.0.0.1 at 2024-04-28 22:51:01 -0400
Processing by PostsController#index as */*
  Parameters: {"post"=>{}}
  [1m[36mPost Load (0.3ms)[0m  [1m[34mSELECT "posts".* FROM "posts"[0m
  ↳ app/controllers/posts_controller.rb:6:in `index'
Completed 200 OK in 1ms (Views: 0.8ms | ActiveRecord: 0.3ms | Allocations: 728)


Started GET "/posts" for 127.0.0.1 at 2024-04-28 22:51:01 -0400
Processing by PostsController#index as */*
  Parameters: {"post"=>{}}
  [1m[36mPost Load (0.3ms)[0m  [1m[34mSELECT "posts".* FROM "posts"[0m
  ↳ app/controllers/posts_controller.rb:6:in `index'
Completed 200 OK in 1ms (Views: 0.7ms | ActiveRecord: 0.3ms | Allocations: 715)


Started GET "/posts" for 127.0.0.1 at 2024-04-28 22:51:01 -0400
Processing by PostsController#index as */*
  Parameters: {"post"=>{}}
  [1m[36mPost Load (0.2ms)[0m  [1m[34mSELECT "posts".* FROM "posts"[0m
  ↳ app/controllers/posts_controller.rb:6:in `index'
Completed 200 OK in 1ms (Views: 0.6ms | ActiveRecord: 0.2ms | Allocations: 715)


Started GET "/posts" for 127.0.0.1 at 2024-04-28 22:52:21 -0400
Processing by PostsController#index as */*
  Parameters: {"post"=>{}}
  [1m[36mPost Load (0.3ms)[0m  [1m[34mSELECT "posts".* FROM "posts"[0m
  ↳ app/controllers/posts_controller.rb:6:in `index'
Completed 200 OK in 1ms (Views: 0.7ms | ActiveRecord: 0.2ms | Allocations: 716)


Started GET "/posts" for 127.0.0.1 at 2024-04-28 22:52:21 -0400
Processing by PostsController#index as */*
  Parameters: {"post"=>{}}
  [1m[36mPost Load (0.2ms)[0m  [1m[34mSELECT "posts".* FROM "posts"[0m
  ↳ app/controllers/posts_controller.rb:6:in `index'
Completed 200 OK in 1ms (Views: 0.6ms | ActiveRecord: 0.2ms | Allocations: 715)


Started GET "/posts" for 127.0.0.1 at 2024-04-28 22:52:21 -0400
Processing by PostsController#index as */*
  Parameters: {"post"=>{}}
  [1m[36mPost Load (0.3ms)[0m  [1m[34mSELECT "posts".* FROM "posts"[0m
  ↳ app/controllers/posts_controller.rb:6:in `index'
Completed 200 OK in 1ms (Views: 0.6ms | ActiveRecord: 0.3ms | Allocations: 716)


Started GET "/posts" for 127.0.0.1 at 2024-04-28 22:52:21 -0400
Processing by PostsController#index as */*
  Parameters: {"post"=>{}}
  [1m[36mPost Load (0.3ms)[0m  [1m[34mSELECT "posts".* FROM "posts"[0m
  ↳ app/controllers/posts_controller.rb:6:in `index'
Completed 200 OK in 1ms (Views: 0.5ms | ActiveRecord: 0.3ms | Allocations: 715)


Started GET "/posts" for 127.0.0.1 at 2024-04-28 22:52:32 -0400
Processing by PostsController#index as */*
  Parameters: {"post"=>{}}
  [1m[36mPost Load (0.4ms)[0m  [1m[34mSELECT "posts".* FROM "posts"[0m
  ↳ app/controllers/posts_controller.rb:6:in `index'
Completed 200 OK in 1ms (Views: 0.7ms | ActiveRecord: 0.4ms | Allocations: 728)


Started GET "/posts" for 127.0.0.1 at 2024-04-28 22:52:32 -0400
Processing by PostsController#index as */*
  Parameters: {"post"=>{}}
  [1m[36mPost Load (0.2ms)[0m  [1m[34mSELECT "posts".* FROM "posts"[0m
  ↳ app/controllers/posts_controller.rb:6:in `index'
Completed 200 OK in 2ms (Views: 1.6ms | ActiveRecord: 0.2ms | Allocations: 728)


Started GET "/posts" for 127.0.0.1 at 2024-04-28 22:52:35 -0400
Processing by PostsController#index as */*
  Parameters: {"post"=>{}}
  [1m[36mPost Load (0.4ms)[0m  [1m[34mSELECT "posts".* FROM "posts"[0m
  ↳ app/controllers/posts_controller.rb:6:in `index'
Completed 200 OK in 3ms (Views: 2.0ms | ActiveRecord: 0.3ms | Allocations: 715)


Started GET "/posts" for 127.0.0.1 at 2024-04-28 22:52:35 -0400
Processing by PostsController#index as */*
  Parameters: {"post"=>{}}
  [1m[36mPost Load (0.3ms)[0m  [1m[34mSELECT "posts".* FROM "posts"[0m
  ↳ app/controllers/posts_controller.rb:6:in `index'
Completed 200 OK in 2ms (Views: 2.0ms | ActiveRecord: 0.3ms | Allocations: 715)


Started GET "/posts" for 127.0.0.1 at 2024-04-28 22:54:54 -0400
Processing by PostsController#index as */*
  Parameters: {"post"=>{}}
  [1m[36mPost Load (0.3ms)[0m  [1m[34mSELECT "posts".* FROM "posts"[0m
  ↳ app/controllers/posts_controller.rb:6:in `index'
Completed 200 OK in 1ms (Views: 0.8ms | ActiveRecord: 0.3ms | Allocations: 722)


Started GET "/posts" for 127.0.0.1 at 2024-04-28 22:54:54 -0400
Processing by PostsController#index as */*
  Parameters: {"post"=>{}}
  [1m[36mPost Load (0.2ms)[0m  [1m[34mSELECT "posts".* FROM "posts"[0m
  ↳ app/controllers/posts_controller.rb:6:in `index'
Completed 200 OK in 1ms (Views: 0.5ms | ActiveRecord: 0.2ms | Allocations: 715)


Started GET "/posts" for 127.0.0.1 at 2024-04-28 22:54:57 -0400
Processing by PostsController#index as */*
  Parameters: {"post"=>{}}
  [1m[36mPost Load (0.6ms)[0m  [1m[34mSELECT "posts".* FROM "posts"[0m
  ↳ app/controllers/posts_controller.rb:6:in `index'
Completed 200 OK in 2ms (Views: 1.4ms | ActiveRecord: 0.6ms | Allocations: 715)


Started GET "/posts" for 127.0.0.1 at 2024-04-28 22:54:57 -0400
Processing by PostsController#index as */*
  Parameters: {"post"=>{}}
  [1m[36mPost Load (0.3ms)[0m  [1m[34mSELECT "posts".* FROM "posts"[0m
  ↳ app/controllers/posts_controller.rb:6:in `index'
Completed 200 OK in 3ms (Views: 2.1ms | ActiveRecord: 0.3ms | Allocations: 716)


Started GET "/posts" for 127.0.0.1 at 2024-04-28 22:57:20 -0400
Processing by PostsController#index as */*
  Parameters: {"post"=>{}}
  [1m[36mPost Load (0.3ms)[0m  [1m[34mSELECT "posts".* FROM "posts"[0m
  ↳ app/controllers/posts_controller.rb:6:in `index'
Completed 200 OK in 3ms (Views: 2.4ms | ActiveRecord: 0.3ms | Allocations: 715)


Started GET "/posts" for 127.0.0.1 at 2024-04-28 22:57:20 -0400
Processing by PostsController#index as */*
  Parameters: {"post"=>{}}
  [1m[36mPost Load (0.5ms)[0m  [1m[34mSELECT "posts".* FROM "posts"[0m
  ↳ app/controllers/posts_controller.rb:6:in `index'
Completed 200 OK in 2ms (Views: 1.8ms | ActiveRecord: 0.4ms | Allocations: 715)


Started GET "/posts" for 127.0.0.1 at 2024-04-28 23:00:45 -0400
Processing by PostsController#index as */*
  Parameters: {"post"=>{}}
  [1m[36mPost Load (0.5ms)[0m  [1m[34mSELECT "posts".* FROM "posts"[0m
  ↳ app/controllers/posts_controller.rb:6:in `index'
Completed 200 OK in 3ms (Views: 2.3ms | ActiveRecord: 0.5ms | Allocations: 715)


Started GET "/posts" for 127.0.0.1 at 2024-04-28 23:00:45 -0400
Processing by PostsController#index as */*
  Parameters: {"post"=>{}}
  [1m[36mPost Load (0.6ms)[0m  [1m[34mSELECT "posts".* FROM "posts"[0m
  ↳ app/controllers/posts_controller.rb:6:in `index'
Completed 200 OK in 3ms (Views: 2.0ms | ActiveRecord: 0.5ms | Allocations: 715)


Started GET "/posts" for 127.0.0.1 at 2024-04-28 23:10:16 -0400
Processing by PostsController#index as */*
  Parameters: {"post"=>{}}
  [1m[36mPost Load (13.5ms)[0m  [1m[34mSELECT "posts".* FROM "posts"[0m
  ↳ app/controllers/posts_controller.rb:6:in `index'
Completed 200 OK in 14ms (Views: -6.5ms | ActiveRecord: 20.9ms | Allocations: 3551)


Started GET "/posts" for 127.0.0.1 at 2024-04-28 23:10:16 -0400
Processing by PostsController#index as */*
  Parameters: {"post"=>{}}
  [1m[36mPost Load (0.2ms)[0m  [1m[34mSELECT "posts".* FROM "posts"[0m
  ↳ app/controllers/posts_controller.rb:6:in `index'
Completed 200 OK in 1ms (Views: 0.5ms | ActiveRecord: 0.2ms | Allocations: 715)


Started GET "/posts" for 127.0.0.1 at 2024-04-28 23:17:07 -0400
Processing by PostsController#index as */*
  Parameters: {"post"=>{}}
  [1m[36mPost Load (11.9ms)[0m  [1m[34mSELECT "posts".* FROM "posts"[0m
  ↳ app/controllers/posts_controller.rb:6:in `index'
Completed 200 OK in 13ms (Views: -5.4ms | ActiveRecord: 18.7ms | Allocations: 3509)


Started GET "/posts" for 127.0.0.1 at 2024-04-28 23:17:07 -0400
Processing by PostsController#index as */*
  Parameters: {"post"=>{}}
  [1m[36mPost Load (0.2ms)[0m  [1m[34mSELECT "posts".* FROM "posts"[0m
  ↳ app/controllers/posts_controller.rb:6:in `index'
Completed 200 OK in 1ms (Views: 0.8ms | ActiveRecord: 0.2ms | Allocations: 715)


Started GET "/posts" for 127.0.0.1 at 2024-04-28 23:17:32 -0400
Processing by PostsController#index as */*
  Parameters: {"post"=>{}}
  [1m[36mPost Load (0.5ms)[0m  [1m[34mSELECT "posts".* FROM "posts"[0m
  ↳ app/controllers/posts_controller.rb:6:in `index'
Completed 200 OK in 3ms (Views: 2.1ms | ActiveRecord: 0.5ms | Allocations: 715)


Started GET "/posts" for 127.0.0.1 at 2024-04-28 23:17:32 -0400
Processing by PostsController#index as */*
  Parameters: {"post"=>{}}
  [1m[36mPost Load (0.3ms)[0m  [1m[34mSELECT "posts".* FROM "posts"[0m
  ↳ app/controllers/posts_controller.rb:6:in `index'
Completed 200 OK in 2ms (Views: 1.6ms | ActiveRecord: 0.3ms | Allocations: 715)


Started GET "/posts" for 127.0.0.1 at 2024-04-28 23:19:51 -0400
Processing by PostsController#index as */*
  Parameters: {"post"=>{}}
  [1m[36mPost Load (0.4ms)[0m  [1m[34mSELECT "posts".* FROM "posts"[0m
  ↳ app/controllers/posts_controller.rb:6:in `index'
Completed 200 OK in 2ms (Views: 1.4ms | ActiveRecord: 0.4ms | Allocations: 715)


Started GET "/posts" for 127.0.0.1 at 2024-04-28 23:19:51 -0400
Processing by PostsController#index as */*
  Parameters: {"post"=>{}}
  [1m[36mPost Load (0.3ms)[0m  [1m[34mSELECT "posts".* FROM "posts"[0m
  ↳ app/controllers/posts_controller.rb:6:in `index'
Completed 200 OK in 2ms (Views: 1.8ms | ActiveRecord: 0.3ms | Allocations: 715)


Started GET "/posts" for 127.0.0.1 at 2024-04-28 23:19:54 -0400
Processing by PostsController#index as */*
  Parameters: {"post"=>{}}
  [1m[36mPost Load (0.4ms)[0m  [1m[34mSELECT "posts".* FROM "posts"[0m
  ↳ app/controllers/posts_controller.rb:6:in `index'
Completed 200 OK in 3ms (Views: 2.5ms | ActiveRecord: 0.4ms | Allocations: 715)


Started GET "/posts" for 127.0.0.1 at 2024-04-28 23:19:54 -0400
Processing by PostsController#index as */*
  Parameters: {"post"=>{}}
  [1m[36mPost Load (0.5ms)[0m  [1m[34mSELECT "posts".* FROM "posts"[0m
  ↳ app/controllers/posts_controller.rb:6:in `index'
Completed 200 OK in 3ms (Views: 2.1ms | ActiveRecord: 0.4ms | Allocations: 715)


Started GET "/posts" for 127.0.0.1 at 2024-04-28 23:22:25 -0400
Processing by PostsController#index as */*
  Parameters: {"post"=>{}}
  [1m[36mPost Load (0.5ms)[0m  [1m[34mSELECT "posts".* FROM "posts"[0m
  ↳ app/controllers/posts_controller.rb:6:in `index'
Completed 200 OK in 3ms (Views: 1.6ms | ActiveRecord: 0.5ms | Allocations: 716)


Started GET "/posts" for 127.0.0.1 at 2024-04-28 23:22:25 -0400
Processing by PostsController#index as */*
  Parameters: {"post"=>{}}
  [1m[36mPost Load (0.8ms)[0m  [1m[34mSELECT "posts".* FROM "posts"[0m
  ↳ app/controllers/posts_controller.rb:6:in `index'
Completed 200 OK in 3ms (Views: 1.7ms | ActiveRecord: 0.8ms | Allocations: 715)


Started GET "/posts" for 127.0.0.1 at 2024-04-28 23:25:30 -0400
Processing by PostsController#index as */*
  Parameters: {"post"=>{}}
  [1m[36mPost Load (0.4ms)[0m  [1m[34mSELECT "posts".* FROM "posts"[0m
  ↳ app/controllers/posts_controller.rb:6:in `index'
Completed 200 OK in 2ms (Views: 1.8ms | ActiveRecord: 0.4ms | Allocations: 715)


Started GET "/posts" for 127.0.0.1 at 2024-04-28 23:25:30 -0400
Processing by PostsController#index as */*
  Parameters: {"post"=>{}}
  [1m[36mPost Load (0.6ms)[0m  [1m[34mSELECT "posts".* FROM "posts"[0m
  ↳ app/controllers/posts_controller.rb:6:in `index'
Completed 200 OK in 2ms (Views: 1.6ms | ActiveRecord: 0.6ms | Allocations: 715)


Started GET "/posts" for 127.0.0.1 at 2024-04-28 23:25:44 -0400
Processing by PostsController#index as */*
  Parameters: {"post"=>{}}
  [1m[36mPost Load (0.5ms)[0m  [1m[34mSELECT "posts".* FROM "posts"[0m
  ↳ app/controllers/posts_controller.rb:6:in `index'
Completed 200 OK in 3ms (Views: 2.4ms | ActiveRecord: 0.4ms | Allocations: 715)


Started GET "/posts" for 127.0.0.1 at 2024-04-28 23:25:44 -0400
Processing by PostsController#index as */*
  Parameters: {"post"=>{}}
  [1m[36mPost Load (0.4ms)[0m  [1m[34mSELECT "posts".* FROM "posts"[0m
  ↳ app/controllers/posts_controller.rb:6:in `index'
Completed 200 OK in 2ms (Views: 1.4ms | ActiveRecord: 0.4ms | Allocations: 715)


Started GET "/posts" for 127.0.0.1 at 2024-04-28 23:26:06 -0400
Processing by PostsController#index as */*
  Parameters: {"post"=>{}}
  [1m[36mPost Load (0.5ms)[0m  [1m[34mSELECT "posts".* FROM "posts"[0m
  ↳ app/controllers/posts_controller.rb:6:in `index'
Completed 200 OK in 2ms (Views: 1.2ms | ActiveRecord: 0.5ms | Allocations: 715)


Started GET "/posts" for 127.0.0.1 at 2024-04-28 23:26:06 -0400
Processing by PostsController#index as */*
  Parameters: {"post"=>{}}
  [1m[36mPost Load (0.2ms)[0m  [1m[34mSELECT "posts".* FROM "posts"[0m
  ↳ app/controllers/posts_controller.rb:6:in `index'
Completed 200 OK in 6ms (Views: 5.4ms | ActiveRecord: 0.2ms | Allocations: 716)


Started GET "/posts" for 127.0.0.1 at 2024-04-28 23:26:06 -0400
Processing by PostsController#index as */*
  Parameters: {"post"=>{}}
  [1m[36mPost Load (0.3ms)[0m  [1m[34mSELECT "posts".* FROM "posts"[0m
  ↳ app/controllers/posts_controller.rb:6:in `index'
Completed 200 OK in 1ms (Views: 0.6ms | ActiveRecord: 0.2ms | Allocations: 715)


Started GET "/posts" for 127.0.0.1 at 2024-04-28 23:26:06 -0400
Processing by PostsController#index as */*
  Parameters: {"post"=>{}}
  [1m[36mPost Load (0.3ms)[0m  [1m[34mSELECT "posts".* FROM "posts"[0m
  ↳ app/controllers/posts_controller.rb:6:in `index'
Completed 200 OK in 1ms (Views: 0.7ms | ActiveRecord: 0.3ms | Allocations: 715)


Started GET "/posts" for 127.0.0.1 at 2024-04-28 23:26:14 -0400
Processing by PostsController#index as */*
  Parameters: {"post"=>{}}
  [1m[36mPost Load (0.5ms)[0m  [1m[34mSELECT "posts".* FROM "posts"[0m
  ↳ app/controllers/posts_controller.rb:6:in `index'
Completed 200 OK in 3ms (Views: 2.8ms | ActiveRecord: 0.5ms | Allocations: 716)


Started GET "/posts" for 127.0.0.1 at 2024-04-28 23:26:14 -0400
Processing by PostsController#index as */*
  Parameters: {"post"=>{}}
  [1m[36mPost Load (0.3ms)[0m  [1m[34mSELECT "posts".* FROM "posts"[0m
  ↳ app/controllers/posts_controller.rb:6:in `index'
Completed 200 OK in 2ms (Views: 1.3ms | ActiveRecord: 0.3ms | Allocations: 715)


Started GET "/posts" for 127.0.0.1 at 2024-04-28 23:27:00 -0400
Processing by PostsController#index as */*
  Parameters: {"post"=>{}}
  [1m[36mPost Load (0.6ms)[0m  [1m[34mSELECT "posts".* FROM "posts"[0m
  ↳ app/controllers/posts_controller.rb:6:in `index'
Completed 200 OK in 3ms (Views: 2.5ms | ActiveRecord: 0.6ms | Allocations: 715)


Started GET "/posts" for 127.0.0.1 at 2024-04-28 23:28:22 -0400
Processing by PostsController#index as */*
  Parameters: {"post"=>{}}
  [1m[36mPost Load (0.5ms)[0m  [1m[34mSELECT "posts".* FROM "posts"[0m
  ↳ app/controllers/posts_controller.rb:6:in `index'
Completed 200 OK in 3ms (Views: 2.0ms | ActiveRecord: 0.5ms | Allocations: 715)


Started GET "/posts" for 127.0.0.1 at 2024-04-28 23:28:58 -0400
Processing by PostsController#index as */*
  Parameters: {"post"=>{}}
  [1m[36mPost Load (0.5ms)[0m  [1m[34mSELECT "posts".* FROM "posts"[0m
  ↳ app/controllers/posts_controller.rb:6:in `index'
Completed 200 OK in 3ms (Views: 2.5ms | ActiveRecord: 0.4ms | Allocations: 715)


Started GET "/posts" for 127.0.0.1 at 2024-04-28 23:28:58 -0400
Processing by PostsController#index as */*
  Parameters: {"post"=>{}}
  [1m[36mPost Load (0.3ms)[0m  [1m[34mSELECT "posts".* FROM "posts"[0m
  ↳ app/controllers/posts_controller.rb:6:in `index'
Completed 200 OK in 2ms (Views: 1.5ms | ActiveRecord: 0.3ms | Allocations: 715)


Started GET "/posts" for 127.0.0.1 at 2024-04-28 23:29:12 -0400
Processing by PostsController#index as */*
  Parameters: {"post"=>{}}
  [1m[36mPost Load (0.7ms)[0m  [1m[34mSELECT "posts".* FROM "posts"[0m
  ↳ app/controllers/posts_controller.rb:6:in `index'
Completed 200 OK in 4ms (Views: 2.6ms | ActiveRecord: 0.7ms | Allocations: 715)


Started GET "/posts" for 127.0.0.1 at 2024-04-28 23:29:12 -0400
Processing by PostsController#index as */*
  Parameters: {"post"=>{}}
  [1m[36mPost Load (0.3ms)[0m  [1m[34mSELECT "posts".* FROM "posts"[0m
  ↳ app/controllers/posts_controller.rb:6:in `index'
Completed 200 OK in 2ms (Views: 1.6ms | ActiveRecord: 0.3ms | Allocations: 716)


Started GET "/posts" for 127.0.0.1 at 2024-04-28 23:29:20 -0400
Processing by PostsController#index as */*
  Parameters: {"post"=>{}}
  [1m[36mPost Load (0.5ms)[0m  [1m[34mSELECT "posts".* FROM "posts"[0m
  ↳ app/controllers/posts_controller.rb:6:in `index'
Completed 200 OK in 3ms (Views: 2.4ms | ActiveRecord: 0.4ms | Allocations: 715)


Started GET "/posts" for 127.0.0.1 at 2024-04-28 23:29:20 -0400
Processing by PostsController#index as */*
  Parameters: {"post"=>{}}
  [1m[36mPost Load (0.4ms)[0m  [1m[34mSELECT "posts".* FROM "posts"[0m
  ↳ app/controllers/posts_controller.rb:6:in `index'
Completed 200 OK in 2ms (Views: 1.6ms | ActiveRecord: 0.4ms | Allocations: 715)


Started GET "/posts" for 127.0.0.1 at 2024-04-28 23:31:49 -0400
Processing by PostsController#index as HTML
  [1m[36mPost Load (0.4ms)[0m  [1m[34mSELECT "posts".* FROM "posts"[0m
  ↳ app/controllers/posts_controller.rb:6:in `index'
Completed 200 OK in 3ms (Views: 2.3ms | ActiveRecord: 0.4ms | Allocations: 712)


Started GET "/posts" for 127.0.0.1 at 2024-04-28 23:32:50 -0400
Processing by PostsController#index as */*
  Parameters: {"post"=>{}}
  [1m[36mPost Load (0.3ms)[0m  [1m[34mSELECT "posts".* FROM "posts"[0m
  ↳ app/controllers/posts_controller.rb:6:in `index'
Completed 200 OK in 2ms (Views: 1.4ms | ActiveRecord: 0.3ms | Allocations: 715)


Started GET "/posts" for 127.0.0.1 at 2024-04-28 23:32:50 -0400
Processing by PostsController#index as */*
  Parameters: {"post"=>{}}
  [1m[36mPost Load (0.5ms)[0m  [1m[34mSELECT "posts".* FROM "posts"[0m
  ↳ app/controllers/posts_controller.rb:6:in `index'
Completed 200 OK in 3ms (Views: 2.5ms | ActiveRecord: 0.5ms | Allocations: 715)


Started GET "/posts" for 127.0.0.1 at 2024-04-28 23:33:45 -0400
Processing by PostsController#index as */*
  Parameters: {"post"=>{}}
  [1m[36mPost Load (0.3ms)[0m  [1m[34mSELECT "posts".* FROM "posts"[0m
  ↳ app/controllers/posts_controller.rb:6:in `index'
Completed 200 OK in 2ms (Views: 1.6ms | ActiveRecord: 0.3ms | Allocations: 715)


Started GET "/posts" for 127.0.0.1 at 2024-04-28 23:33:45 -0400
Processing by PostsController#index as */*
  Parameters: {"post"=>{}}
  [1m[36mPost Load (0.3ms)[0m  [1m[34mSELECT "posts".* FROM "posts"[0m
  ↳ app/controllers/posts_controller.rb:6:in `index'
Completed 200 OK in 2ms (Views: 1.8ms | ActiveRecord: 0.3ms | Allocations: 716)


Started GET "/posts" for 127.0.0.1 at 2024-04-28 23:33:50 -0400
Processing by PostsController#index as */*
  Parameters: {"post"=>{}}
  [1m[36mPost Load (0.3ms)[0m  [1m[34mSELECT "posts".* FROM "posts"[0m
  ↳ app/controllers/posts_controller.rb:6:in `index'
Completed 200 OK in 2ms (Views: 1.6ms | ActiveRecord: 0.3ms | Allocations: 715)


Started GET "/posts" for 127.0.0.1 at 2024-04-28 23:33:50 -0400
Processing by PostsController#index as */*
  Parameters: {"post"=>{}}
  [1m[36mPost Load (0.4ms)[0m  [1m[34mSELECT "posts".* FROM "posts"[0m
  ↳ app/controllers/posts_controller.rb:6:in `index'
Completed 200 OK in 2ms (Views: 1.8ms | ActiveRecord: 0.4ms | Allocations: 715)


Started GET "/posts" for 127.0.0.1 at 2024-04-28 23:34:00 -0400
Processing by PostsController#index as */*
  Parameters: {"post"=>{}}
  [1m[36mPost Load (0.4ms)[0m  [1m[34mSELECT "posts".* FROM "posts"[0m
  ↳ app/controllers/posts_controller.rb:6:in `index'
Completed 200 OK in 2ms (Views: 1.9ms | ActiveRecord: 0.4ms | Allocations: 716)


Started GET "/posts" for 127.0.0.1 at 2024-04-28 23:34:00 -0400
Processing by PostsController#index as */*
  Parameters: {"post"=>{}}
  [1m[36mPost Load (0.4ms)[0m  [1m[34mSELECT "posts".* FROM "posts"[0m
  ↳ app/controllers/posts_controller.rb:6:in `index'
Completed 200 OK in 3ms (Views: 1.8ms | ActiveRecord: 0.4ms | Allocations: 715)


Started GET "/posts" for 127.0.0.1 at 2024-04-28 23:36:13 -0400
Processing by PostsController#index as */*
  Parameters: {"post"=>{}}
  [1m[36mPost Load (0.3ms)[0m  [1m[34mSELECT "posts".* FROM "posts"[0m
  ↳ app/controllers/posts_controller.rb:6:in `index'
Completed 200 OK in 2ms (Views: 1.6ms | ActiveRecord: 0.3ms | Allocations: 715)


Started GET "/posts" for 127.0.0.1 at 2024-04-28 23:36:15 -0400
Processing by PostsController#index as */*
  Parameters: {"post"=>{}}
  [1m[36mPost Load (0.4ms)[0m  [1m[34mSELECT "posts".* FROM "posts"[0m
  ↳ app/controllers/posts_controller.rb:6:in `index'
Completed 200 OK in 3ms (Views: 2.7ms | ActiveRecord: 0.4ms | Allocations: 715)


Started GET "/posts" for 127.0.0.1 at 2024-04-28 23:36:15 -0400
Processing by PostsController#index as */*
  Parameters: {"post"=>{}}
  [1m[36mPost Load (0.4ms)[0m  [1m[34mSELECT "posts".* FROM "posts"[0m
  ↳ app/controllers/posts_controller.rb:6:in `index'
Completed 200 OK in 3ms (Views: 2.0ms | ActiveRecord: 0.4ms | Allocations: 715)


Started GET "/posts" for 127.0.0.1 at 2024-04-28 23:36:43 -0400
Processing by PostsController#index as */*
  Parameters: {"post"=>{}}
  [1m[36mPost Load (0.4ms)[0m  [1m[34mSELECT "posts".* FROM "posts"[0m
  ↳ app/controllers/posts_controller.rb:6:in `index'
Completed 200 OK in 2ms (Views: 1.7ms | ActiveRecord: 0.4ms | Allocations: 715)


Started GET "/posts" for 127.0.0.1 at 2024-04-28 23:36:43 -0400
Processing by PostsController#index as */*
  Parameters: {"post"=>{}}
  [1m[36mPost Load (0.4ms)[0m  [1m[34mSELECT "posts".* FROM "posts"[0m
  ↳ app/controllers/posts_controller.rb:6:in `index'
Completed 200 OK in 3ms (Views: 2.4ms | ActiveRecord: 0.4ms | Allocations: 716)


Started GET "/posts" for 127.0.0.1 at 2024-04-28 23:36:46 -0400
Processing by PostsController#index as */*
  Parameters: {"post"=>{}}
  [1m[36mPost Load (0.4ms)[0m  [1m[34mSELECT "posts".* FROM "posts"[0m
  ↳ app/controllers/posts_controller.rb:6:in `index'
Completed 200 OK in 3ms (Views: 2.0ms | ActiveRecord: 0.4ms | Allocations: 715)


Started GET "/posts" for 127.0.0.1 at 2024-04-28 23:36:46 -0400
Processing by PostsController#index as */*
  Parameters: {"post"=>{}}
  [1m[36mPost Load (0.4ms)[0m  [1m[34mSELECT "posts".* FROM "posts"[0m
  ↳ app/controllers/posts_controller.rb:6:in `index'
Completed 200 OK in 3ms (Views: 2.2ms | ActiveRecord: 0.4ms | Allocations: 715)


Started GET "/posts" for 127.0.0.1 at 2024-04-28 23:40:32 -0400
Processing by PostsController#index as */*
  Parameters: {"post"=>{}}
  [1m[36mPost Load (0.4ms)[0m  [1m[34mSELECT "posts".* FROM "posts"[0m
  ↳ app/controllers/posts_controller.rb:6:in `index'
Completed 200 OK in 1ms (Views: 0.9ms | ActiveRecord: 0.3ms | Allocations: 715)


Started GET "/posts" for 127.0.0.1 at 2024-04-28 23:40:32 -0400
Processing by PostsController#index as */*
  Parameters: {"post"=>{}}
  [1m[36mPost Load (0.3ms)[0m  [1m[34mSELECT "posts".* FROM "posts"[0m
  ↳ app/controllers/posts_controller.rb:6:in `index'
Completed 200 OK in 1ms (Views: 0.7ms | ActiveRecord: 0.3ms | Allocations: 715)


Started GET "/posts" for 127.0.0.1 at 2024-04-28 23:41:10 -0400
Processing by PostsController#index as */*
  Parameters: {"post"=>{}}
  [1m[36mPost Load (0.5ms)[0m  [1m[34mSELECT "posts".* FROM "posts"[0m
  ↳ app/controllers/posts_controller.rb:6:in `index'
Completed 200 OK in 2ms (Views: 1.8ms | ActiveRecord: 0.5ms | Allocations: 715)


Started GET "/posts" for 127.0.0.1 at 2024-04-28 23:41:21 -0400
Processing by PostsController#index as */*
  Parameters: {"post"=>{}}
  [1m[36mPost Load (0.6ms)[0m  [1m[34mSELECT "posts".* FROM "posts"[0m
  ↳ app/controllers/posts_controller.rb:6:in `index'
Completed 200 OK in 3ms (Views: 2.5ms | ActiveRecord: 0.6ms | Allocations: 715)


Started GET "/posts" for 127.0.0.1 at 2024-04-28 23:52:11 -0400
Processing by PostsController#index as */*
  Parameters: {"post"=>{}}
  [1m[36mPost Load (15.8ms)[0m  [1m[34mSELECT "posts".* FROM "posts"[0m
  ↳ app/controllers/posts_controller.rb:6:in `index'
Completed 200 OK in 19ms (Views: -3.9ms | ActiveRecord: 22.5ms | Allocations: 3535)


Started GET "/posts" for 127.0.0.1 at 2024-04-28 23:55:57 -0400
Processing by PostsController#index as */*
  Parameters: {"post"=>{}}
  [1m[36mPost Load (0.4ms)[0m  [1m[34mSELECT "posts".* FROM "posts"[0m
  ↳ app/controllers/posts_controller.rb:6:in `index'
Completed 200 OK in 2ms (Views: 2.0ms | ActiveRecord: 0.4ms | Allocations: 715)


Started GET "/posts" for 127.0.0.1 at 2024-04-28 23:55:57 -0400
Processing by PostsController#index as */*
  Parameters: {"post"=>{}}
  [1m[36mPost Load (0.3ms)[0m  [1m[34mSELECT "posts".* FROM "posts"[0m
  ↳ app/controllers/posts_controller.rb:6:in `index'
Completed 200 OK in 2ms (Views: 1.4ms | ActiveRecord: 0.3ms | Allocations: 716)


Started GET "/posts" for 127.0.0.1 at 2024-04-28 23:56:26 -0400
Processing by PostsController#index as */*
  Parameters: {"post"=>{}}
  [1m[36mPost Load (0.7ms)[0m  [1m[34mSELECT "posts".* FROM "posts"[0m
  ↳ app/controllers/posts_controller.rb:6:in `index'
Completed 200 OK in 3ms (Views: 2.5ms | ActiveRecord: 0.7ms | Allocations: 715)


Started GET "/posts" for 127.0.0.1 at 2024-04-28 23:56:30 -0400
Processing by PostsController#index as */*
  Parameters: {"post"=>{}}
  [1m[36mPost Load (0.4ms)[0m  [1m[34mSELECT "posts".* FROM "posts"[0m
  ↳ app/controllers/posts_controller.rb:6:in `index'
Completed 200 OK in 3ms (Views: 2.2ms | ActiveRecord: 0.4ms | Allocations: 715)


Started GET "/posts" for 127.0.0.1 at 2024-04-28 23:56:30 -0400
Processing by PostsController#index as */*
  Parameters: {"post"=>{}}
  [1m[36mPost Load (0.4ms)[0m  [1m[34mSELECT "posts".* FROM "posts"[0m
  ↳ app/controllers/posts_controller.rb:6:in `index'
Completed 200 OK in 2ms (Views: 1.4ms | ActiveRecord: 0.4ms | Allocations: 715)


Started GET "/posts" for 127.0.0.1 at 2024-04-28 23:57:39 -0400
Processing by PostsController#index as HTML
  [1m[36mPost Load (0.5ms)[0m  [1m[34mSELECT "posts".* FROM "posts"[0m
  ↳ app/controllers/posts_controller.rb:6:in `index'
Completed 200 OK in 3ms (Views: 2.1ms | ActiveRecord: 0.5ms | Allocations: 712)


Started GET "/posts/new" for 127.0.0.1 at 2024-04-28 23:57:44 -0400
Processing by PostsController#show as HTML
  Parameters: {"id"=>"new"}
  [1m[36mPost Load (0.1ms)[0m  [1m[34mSELECT "posts".* FROM "posts" WHERE "posts"."id" = $1 LIMIT $2[0m  [["id", nil], ["LIMIT", 1]]
  ↳ app/controllers/posts_controller.rb:9:in `show'
Completed 404 Not Found in 12ms (ActiveRecord: 0.2ms | Allocations: 2565)


  
ActiveRecord::RecordNotFound (Couldn't find Post with 'id'=new):
  
app/controllers/posts_controller.rb:9:in `show'
Started GET "/posts/new/5" for 127.0.0.1 at 2024-04-28 23:57:54 -0400
  
ActionController::RoutingError (No route matches [GET] "/posts/new/5"):
  
Started GET "/posts" for 127.0.0.1 at 2024-04-29 00:15:16 -0400
Processing by PostsController#index as */*
  Parameters: {"post"=>{}}
  [1m[36mPost Load (10.9ms)[0m  [1m[34mSELECT "posts".* FROM "posts"[0m
  ↳ app/controllers/posts_controller.rb:6:in `index'
Completed 200 OK in 14ms (Views: -2.3ms | ActiveRecord: 15.7ms | Allocations: 3534)


Started GET "/posts" for 127.0.0.1 at 2024-04-29 00:15:16 -0400
Processing by PostsController#index as */*
  Parameters: {"post"=>{}}
  [1m[36mPost Load (0.3ms)[0m  [1m[34mSELECT "posts".* FROM "posts"[0m
  ↳ app/controllers/posts_controller.rb:6:in `index'
Completed 200 OK in 2ms (Views: 1.6ms | ActiveRecord: 0.3ms | Allocations: 714)


Started GET "/posts" for 127.0.0.1 at 2024-04-29 00:16:23 -0400
Processing by PostsController#index as */*
  Parameters: {"post"=>{}}
  [1m[36mPost Load (0.4ms)[0m  [1m[34mSELECT "posts".* FROM "posts"[0m
  ↳ app/controllers/posts_controller.rb:6:in `index'
Completed 200 OK in 2ms (Views: 1.4ms | ActiveRecord: 0.4ms | Allocations: 729)


Started GET "/posts" for 127.0.0.1 at 2024-04-29 00:16:23 -0400
Processing by PostsController#index as */*
  Parameters: {"post"=>{}}
  [1m[36mPost Load (0.3ms)[0m  [1m[34mSELECT "posts".* FROM "posts"[0m
  ↳ app/controllers/posts_controller.rb:6:in `index'
Completed 200 OK in 1ms (Views: 0.8ms | ActiveRecord: 0.3ms | Allocations: 714)


Started GET "/posts" for 127.0.0.1 at 2024-04-29 00:18:13 -0400
Processing by PostsController#index as */*
  Parameters: {"post"=>{}}
  [1m[36mPost Load (0.5ms)[0m  [1m[34mSELECT "posts".* FROM "posts"[0m
  ↳ app/controllers/posts_controller.rb:6:in `index'
Completed 200 OK in 3ms (Views: 2.0ms | ActiveRecord: 0.4ms | Allocations: 714)


Started GET "/posts" for 127.0.0.1 at 2024-04-29 00:18:13 -0400
Processing by PostsController#index as */*
  Parameters: {"post"=>{}}
  [1m[36mPost Load (0.3ms)[0m  [1m[34mSELECT "posts".* FROM "posts"[0m
  ↳ app/controllers/posts_controller.rb:6:in `index'
Completed 200 OK in 2ms (Views: 1.9ms | ActiveRecord: 0.3ms | Allocations: 714)


Started GET "/posts" for 127.0.0.1 at 2024-04-29 00:20:20 -0400
Processing by PostsController#index as */*
  Parameters: {"post"=>{}}
  [1m[36mPost Load (0.4ms)[0m  [1m[34mSELECT "posts".* FROM "posts"[0m
  ↳ app/controllers/posts_controller.rb:6:in `index'
Completed 200 OK in 3ms (Views: 2.0ms | ActiveRecord: 0.4ms | Allocations: 716)


Started GET "/posts" for 127.0.0.1 at 2024-04-29 00:20:20 -0400
Processing by PostsController#index as */*
  Parameters: {"post"=>{}}
  [1m[36mPost Load (0.4ms)[0m  [1m[34mSELECT "posts".* FROM "posts"[0m
  ↳ app/controllers/posts_controller.rb:6:in `index'
Completed 200 OK in 2ms (Views: 1.4ms | ActiveRecord: 0.4ms | Allocations: 715)


Started GET "/posts" for 127.0.0.1 at 2024-04-29 00:22:14 -0400
Processing by PostsController#index as */*
  Parameters: {"post"=>{}}
  [1m[36mPost Load (0.4ms)[0m  [1m[34mSELECT "posts".* FROM "posts"[0m
  ↳ app/controllers/posts_controller.rb:6:in `index'
Completed 200 OK in 2ms (Views: 1.3ms | ActiveRecord: 0.4ms | Allocations: 715)


Started GET "/posts" for 127.0.0.1 at 2024-04-29 00:22:14 -0400
Processing by PostsController#index as */*
  Parameters: {"post"=>{}}
  [1m[36mPost Load (0.3ms)[0m  [1m[34mSELECT "posts".* FROM "posts"[0m
  ↳ app/controllers/posts_controller.rb:6:in `index'
Completed 200 OK in 1ms (Views: 0.7ms | ActiveRecord: 0.3ms | Allocations: 715)


Started GET "/posts" for 127.0.0.1 at 2024-04-29 00:24:12 -0400
Processing by PostsController#index as */*
  Parameters: {"post"=>{}}
  [1m[36mPost Load (0.5ms)[0m  [1m[34mSELECT "posts".* FROM "posts"[0m
  ↳ app/controllers/posts_controller.rb:6:in `index'
Completed 200 OK in 3ms (Views: 2.1ms | ActiveRecord: 0.5ms | Allocations: 715)


Started GET "/posts" for 127.0.0.1 at 2024-04-29 00:25:39 -0400
Processing by PostsController#index as */*
  Parameters: {"post"=>{}}
  [1m[36mPost Load (0.4ms)[0m  [1m[34mSELECT "posts".* FROM "posts"[0m
  ↳ app/controllers/posts_controller.rb:6:in `index'
Completed 200 OK in 3ms (Views: 2.0ms | ActiveRecord: 0.4ms | Allocations: 715)


Started GET "/posts" for 127.0.0.1 at 2024-04-29 00:28:13 -0400
Processing by PostsController#index as */*
  Parameters: {"post"=>{}}
  [1m[36mPost Load (0.3ms)[0m  [1m[34mSELECT "posts".* FROM "posts"[0m
  ↳ app/controllers/posts_controller.rb:6:in `index'
Completed 200 OK in 2ms (Views: 1.6ms | ActiveRecord: 0.3ms | Allocations: 715)


Started GET "/posts" for 127.0.0.1 at 2024-04-29 00:28:13 -0400
Processing by PostsController#index as */*
  Parameters: {"post"=>{}}
  [1m[36mPost Load (0.3ms)[0m  [1m[34mSELECT "posts".* FROM "posts"[0m
  ↳ app/controllers/posts_controller.rb:6:in `index'
Completed 200 OK in 1ms (Views: 1.0ms | ActiveRecord: 0.3ms | Allocations: 715)


Started GET "/posts" for 127.0.0.1 at 2024-04-29 00:29:09 -0400
Processing by PostsController#index as */*
  Parameters: {"post"=>{}}
  [1m[36mPost Load (0.4ms)[0m  [1m[34mSELECT "posts".* FROM "posts"[0m
  ↳ app/controllers/posts_controller.rb:6:in `index'
Completed 200 OK in 3ms (Views: 2.2ms | ActiveRecord: 0.4ms | Allocations: 715)


Started GET "/posts" for 127.0.0.1 at 2024-04-29 00:29:09 -0400
Processing by PostsController#index as */*
  Parameters: {"post"=>{}}
  [1m[36mPost Load (0.3ms)[0m  [1m[34mSELECT "posts".* FROM "posts"[0m
  ↳ app/controllers/posts_controller.rb:6:in `index'
Completed 200 OK in 2ms (Views: 1.6ms | ActiveRecord: 0.3ms | Allocations: 716)


Started POST "/posts" for 127.0.0.1 at 2024-04-29 00:29:46 -0400
Processing by PostsController#create as */*
  Parameters: {"post"=>{"post_name"=>"POST4", "post_description"=>"Bijou"}}
Completed 400 Bad Request in 0ms (ActiveRecord: 0.0ms | Allocations: 112)


  
ActionController::ParameterMissing (param is missing or the value is empty: posts):
  
app/controllers/posts_controller.rb:26:in `posts_params'
app/controllers/posts_controller.rb:13:in `create'
Started GET "/posts" for 127.0.0.1 at 2024-04-29 00:29:51 -0400
Processing by PostsController#index as */*
  Parameters: {"post"=>{}}
  [1m[36mPost Load (0.3ms)[0m  [1m[34mSELECT "posts".* FROM "posts"[0m
  ↳ app/controllers/posts_controller.rb:6:in `index'
Completed 200 OK in 2ms (Views: 1.5ms | ActiveRecord: 0.3ms | Allocations: 714)


Started GET "/posts" for 127.0.0.1 at 2024-04-29 00:29:51 -0400
Processing by PostsController#index as */*
  Parameters: {"post"=>{}}
  [1m[36mPost Load (0.3ms)[0m  [1m[34mSELECT "posts".* FROM "posts"[0m
  ↳ app/controllers/posts_controller.rb:6:in `index'
Completed 200 OK in 2ms (Views: 1.5ms | ActiveRecord: 0.3ms | Allocations: 714)


Started GET "/posts" for 127.0.0.1 at 2024-04-29 00:30:48 -0400
Processing by PostsController#index as */*
  Parameters: {"post"=>{}}
  [1m[36mPost Load (0.5ms)[0m  [1m[34mSELECT "posts".* FROM "posts"[0m
  ↳ app/controllers/posts_controller.rb:6:in `index'
Completed 200 OK in 3ms (Views: 2.3ms | ActiveRecord: 0.4ms | Allocations: 714)


Started GET "/posts" for 127.0.0.1 at 2024-04-29 00:30:48 -0400
Processing by PostsController#index as */*
  Parameters: {"post"=>{}}
  [1m[36mPost Load (0.3ms)[0m  [1m[34mSELECT "posts".* FROM "posts"[0m
  ↳ app/controllers/posts_controller.rb:6:in `index'
Completed 200 OK in 2ms (Views: 1.5ms | ActiveRecord: 0.3ms | Allocations: 714)


Started GET "/posts" for ::1 at 2024-04-29 00:38:41 -0400
Processing by PostsController#index as */*
  [1m[36mPost Load (13.6ms)[0m  [1m[34mSELECT "posts".* FROM "posts"[0m
  ↳ app/controllers/posts_controller.rb:6:in `index'
Completed 200 OK in 20ms (Views: -1.6ms | ActiveRecord: 20.6ms | Allocations: 3533)


Started POST "/posts" for ::1 at 2024-04-29 00:38:50 -0400
Processing by PostsController#create as */*
Completed 400 Bad Request in 1ms (ActiveRecord: 0.0ms | Allocations: 95)


  
ActionController::ParameterMissing (param is missing or the value is empty: posts):
  
app/controllers/posts_controller.rb:26:in `posts_params'
app/controllers/posts_controller.rb:13:in `create'
Started POST "/posts?=POST" for ::1 at 2024-04-29 00:39:57 -0400
Processing by PostsController#create as */*
Completed 400 Bad Request in 0ms (ActiveRecord: 0.0ms | Allocations: 95)


  
ActionController::ParameterMissing (param is missing or the value is empty: posts):
  
app/controllers/posts_controller.rb:26:in `posts_params'
app/controllers/posts_controller.rb:13:in `create'
Started POST "/posts" for ::1 at 2024-04-29 00:42:57 -0400
Processing by PostsController#create as */*
  Parameters: {"post"=>{"id"=>0, "post_name"=>"POSTPrueba", "post_description"=>"Cindy"}}
Completed 400 Bad Request in 0ms (ActiveRecord: 0.0ms | Allocations: 95)


  
ActionController::ParameterMissing (param is missing or the value is empty: posts):
  
app/controllers/posts_controller.rb:26:in `posts_params'
app/controllers/posts_controller.rb:13:in `create'
Started POST "/posts" for ::1 at 2024-04-29 00:46:10 -0400
Error occurred while parsing request parameters.
Contents:

    {
        post:{
            id:0,
            post_name:"POSTPrueba",
            post_description:"Cindy"
        }
    }

Processing by PostsController#create as */*
Completed 400 Bad Request in 0ms (ActiveRecord: 0.0ms | Allocations: 117)


  
ActionDispatch::Http::Parameters::ParseError (Error occurred while parsing request parameters):
  
app/controllers/posts_controller.rb:26:in `posts_params'
app/controllers/posts_controller.rb:13:in `create'
Started POST "/posts" for ::1 at 2024-04-29 00:46:20 -0400
Error occurred while parsing request parameters.
Contents:

    {
        posts:{
            id:0,
            post_name:"POSTPrueba",
            post_description:"Cindy"
        }
    }

Processing by PostsController#create as */*
Completed 400 Bad Request in 0ms (ActiveRecord: 0.0ms | Allocations: 109)


  
ActionDispatch::Http::Parameters::ParseError (Error occurred while parsing request parameters):
  
app/controllers/posts_controller.rb:26:in `posts_params'
app/controllers/posts_controller.rb:13:in `create'
Started GET "/posts" for 127.0.0.1 at 2024-04-29 00:48:04 -0400
Processing by PostsController#index as HTML
  [1m[36mPost Load (14.3ms)[0m  [1m[34mSELECT "posts".* FROM "posts"[0m
  ↳ app/controllers/posts_controller.rb:6:in `index'
Completed 200 OK in 18ms (Views: -3.1ms | ActiveRecord: 20.5ms | Allocations: 3530)


Started POST "/posts" for ::1 at 2024-04-29 00:48:53 -0400
Error occurred while parsing request parameters.
Contents:

    {
        posts:{
            id:0,
            post_name:"POSTPrueba",
            post_description:"Cindy"
        }
    }

Processing by PostsController#create as */*
Completed 400 Bad Request in 0ms (ActiveRecord: 0.0ms | Allocations: 109)


  
ActionDispatch::Http::Parameters::ParseError (Error occurred while parsing request parameters):
  
app/controllers/posts_controller.rb:26:in `posts_params'
app/controllers/posts_controller.rb:13:in `create'
Started GET "/posts" for 127.0.0.1 at 2024-04-29 00:50:02 -0400
Processing by PostsController#index as */*
  Parameters: {"post"=>{}}
  [1m[36mPost Load (0.5ms)[0m  [1m[34mSELECT "posts".* FROM "posts"[0m
  ↳ app/controllers/posts_controller.rb:6:in `index'
Completed 200 OK in 2ms (Views: 1.6ms | ActiveRecord: 0.5ms | Allocations: 714)


Started GET "/posts" for 127.0.0.1 at 2024-04-29 00:50:02 -0400
Processing by PostsController#index as */*
  Parameters: {"post"=>{}}
  [1m[36mPost Load (0.3ms)[0m  [1m[34mSELECT "posts".* FROM "posts"[0m
  ↳ app/controllers/posts_controller.rb:6:in `index'
Completed 200 OK in 2ms (Views: 1.6ms | ActiveRecord: 0.3ms | Allocations: 714)


Started POST "/posts" for 127.0.0.1 at 2024-04-29 00:50:09 -0400
Processing by PostsController#create as */*
  Parameters: {"post"=>{}}
Completed 400 Bad Request in 0ms (ActiveRecord: 0.0ms | Allocations: 95)


  
ActionController::ParameterMissing (param is missing or the value is empty: posts):
  
app/controllers/posts_controller.rb:26:in `posts_params'
app/controllers/posts_controller.rb:13:in `create'
Started GET "/posts.json" for 127.0.0.1 at 2024-04-29 00:52:27 -0400
Processing by PostsController#index as JSON
  Parameters: {"post"=>{}}
  [1m[36mPost Load (0.4ms)[0m  [1m[34mSELECT "posts".* FROM "posts"[0m
  ↳ app/controllers/posts_controller.rb:6:in `index'
Completed 200 OK in 3ms (Views: 2.4ms | ActiveRecord: 0.4ms | Allocations: 711)


Started GET "/posts.json" for 127.0.0.1 at 2024-04-29 00:52:27 -0400
Processing by PostsController#index as JSON
  Parameters: {"post"=>{}}
  [1m[36mPost Load (0.4ms)[0m  [1m[34mSELECT "posts".* FROM "posts"[0m
  ↳ app/controllers/posts_controller.rb:6:in `index'
Completed 200 OK in 2ms (Views: 1.6ms | ActiveRecord: 0.4ms | Allocations: 711)


Started GET "/posts.json" for 127.0.0.1 at 2024-04-29 00:53:03 -0400
Processing by PostsController#index as JSON
  Parameters: {"post"=>{}}
  [1m[36mPost Load (0.4ms)[0m  [1m[34mSELECT "posts".* FROM "posts"[0m
  ↳ app/controllers/posts_controller.rb:6:in `index'
Completed 200 OK in 3ms (Views: 2.4ms | ActiveRecord: 0.4ms | Allocations: 726)


Started GET "/posts.json" for 127.0.0.1 at 2024-04-29 00:53:03 -0400
Processing by PostsController#index as JSON
  Parameters: {"post"=>{}}
  [1m[36mPost Load (0.4ms)[0m  [1m[34mSELECT "posts".* FROM "posts"[0m
  ↳ app/controllers/posts_controller.rb:6:in `index'
Completed 200 OK in 2ms (Views: 1.8ms | ActiveRecord: 0.4ms | Allocations: 711)


Started GET "/posts.json" for 127.0.0.1 at 2024-04-29 00:53:06 -0400
Processing by PostsController#index as JSON
  Parameters: {"post"=>{}}
  [1m[36mPost Load (0.5ms)[0m  [1m[34mSELECT "posts".* FROM "posts"[0m
  ↳ app/controllers/posts_controller.rb:6:in `index'
Completed 200 OK in 3ms (Views: 2.4ms | ActiveRecord: 0.5ms | Allocations: 711)


Started GET "/posts.json" for 127.0.0.1 at 2024-04-29 00:53:06 -0400
Processing by PostsController#index as JSON
  Parameters: {"post"=>{}}
  [1m[36mPost Load (0.4ms)[0m  [1m[34mSELECT "posts".* FROM "posts"[0m
  ↳ app/controllers/posts_controller.rb:6:in `index'
Completed 200 OK in 3ms (Views: 2.7ms | ActiveRecord: 0.4ms | Allocations: 711)


Started POST "/posts.json" for 127.0.0.1 at 2024-04-29 00:55:06 -0400
Processing by PostsController#create as JSON
  Parameters: {"post"=>{"post_name"=>"Hola ", "post_description"=>"Hola2"}}
Completed 400 Bad Request in 0ms (ActiveRecord: 0.0ms | Allocations: 94)


  
ActionController::ParameterMissing (param is missing or the value is empty: posts):
  
app/controllers/posts_controller.rb:26:in `posts_params'
app/controllers/posts_controller.rb:13:in `create'
Started POST "/posts.json" for 127.0.0.1 at 2024-04-29 00:57:01 -0400
Processing by PostsController#create as JSON
  Parameters: {"post"=>{"post_name"=>"hola", "post_description"=>"Hola2\n"}}
  [1m[36mTRANSACTION (0.2ms)[0m  [1m[35mBEGIN[0m
  ↳ app/controllers/posts_controller.rb:13:in `create'
  [1m[36mPost Create (5.8ms)[0m  [1m[32mINSERT INTO "posts" ("post_name", "post_description", "created_at", "updated_at") VALUES ($1, $2, $3, $4) RETURNING "id"[0m  [["post_name", "hola"], ["post_description", "Hola2\n"], ["created_at", "2024-04-29 04:57:01.073360"], ["updated_at", "2024-04-29 04:57:01.073360"]]
  ↳ app/controllers/posts_controller.rb:13:in `create'
  [1m[36mTRANSACTION (1.4ms)[0m  [1m[35mCOMMIT[0m
  ↳ app/controllers/posts_controller.rb:13:in `create'
Completed 200 OK in 26ms (Views: 0.2ms | ActiveRecord: 18.5ms | Allocations: 4816)


Started GET "/posts.json" for 127.0.0.1 at 2024-04-29 00:57:11 -0400
Processing by PostsController#index as JSON
  Parameters: {"post"=>{}}
  [1m[36mPost Load (0.3ms)[0m  [1m[34mSELECT "posts".* FROM "posts"[0m
  ↳ app/controllers/posts_controller.rb:6:in `index'
Completed 200 OK in 2ms (Views: 1.8ms | ActiveRecord: 0.3ms | Allocations: 853)


Started GET "/posts.json" for 127.0.0.1 at 2024-04-29 00:57:11 -0400
Processing by PostsController#index as JSON
  Parameters: {"post"=>{}}
  [1m[36mPost Load (0.3ms)[0m  [1m[34mSELECT "posts".* FROM "posts"[0m
  ↳ app/controllers/posts_controller.rb:6:in `index'
Completed 200 OK in 3ms (Views: 2.3ms | ActiveRecord: 0.3ms | Allocations: 761)


Started POST "/posts.json" for 127.0.0.1 at 2024-04-29 00:57:33 -0400
Processing by PostsController#create as JSON
  Parameters: {"post"=>{"post_name"=>"POST4", "post_description"=>"Cindy"}}
  [1m[36mTRANSACTION (0.2ms)[0m  [1m[35mBEGIN[0m
  ↳ app/controllers/posts_controller.rb:13:in `create'
  [1m[36mPost Create (1.8ms)[0m  [1m[32mINSERT INTO "posts" ("post_name", "post_description", "created_at", "updated_at") VALUES ($1, $2, $3, $4) RETURNING "id"[0m  [["post_name", "POST4"], ["post_description", "Cindy"], ["created_at", "2024-04-29 04:57:33.833158"], ["updated_at", "2024-04-29 04:57:33.833158"]]
  ↳ app/controllers/posts_controller.rb:13:in `create'
  [1m[36mTRANSACTION (0.4ms)[0m  [1m[35mCOMMIT[0m
  ↳ app/controllers/posts_controller.rb:13:in `create'
Completed 200 OK in 5ms (Views: 0.4ms | ActiveRecord: 2.3ms | Allocations: 1547)


Started GET "/posts.json" for 127.0.0.1 at 2024-04-29 00:57:39 -0400
Processing by PostsController#index as JSON
  Parameters: {"post"=>{}}
  [1m[36mPost Load (0.5ms)[0m  [1m[34mSELECT "posts".* FROM "posts"[0m
  ↳ app/controllers/posts_controller.rb:6:in `index'
Completed 200 OK in 4ms (Views: 3.2ms | ActiveRecord: 0.5ms | Allocations: 808)


Started GET "/posts.json" for 127.0.0.1 at 2024-04-29 00:57:39 -0400
Processing by PostsController#index as JSON
  Parameters: {"post"=>{}}
  [1m[36mPost Load (0.4ms)[0m  [1m[34mSELECT "posts".* FROM "posts"[0m
  ↳ app/controllers/posts_controller.rb:6:in `index'
Completed 200 OK in 2ms (Views: 1.8ms | ActiveRecord: 0.3ms | Allocations: 808)


Started GET "/posts.json" for 127.0.0.1 at 2024-04-29 00:59:25 -0400
Processing by PostsController#index as JSON
  Parameters: {"post"=>{}}
  [1m[36mPost Load (0.3ms)[0m  [1m[34mSELECT "posts".* FROM "posts"[0m
  ↳ app/controllers/posts_controller.rb:6:in `index'
Completed 200 OK in 2ms (Views: 1.7ms | ActiveRecord: 0.3ms | Allocations: 808)


Started GET "/posts.json" for 127.0.0.1 at 2024-04-29 00:59:25 -0400
Processing by PostsController#index as JSON
  Parameters: {"post"=>{}}
  [1m[36mPost Load (0.3ms)[0m  [1m[34mSELECT "posts".* FROM "posts"[0m
  ↳ app/controllers/posts_controller.rb:6:in `index'
Completed 200 OK in 2ms (Views: 1.6ms | ActiveRecord: 0.3ms | Allocations: 808)


Started GET "/posts" for 127.0.0.1 at 2024-04-29 00:59:43 -0400
Processing by PostsController#index as HTML
  [1m[36mPost Load (0.4ms)[0m  [1m[34mSELECT "posts".* FROM "posts"[0m
  ↳ app/controllers/posts_controller.rb:6:in `index'
Completed 200 OK in 8ms (Views: 2.9ms | ActiveRecord: 4.4ms | Allocations: 3896)


Started POST "/posts.json" for 127.0.0.1 at 2024-04-29 00:59:52 -0400
Processing by PostsController#create as JSON
  Parameters: {"post"=>{"post_name"=>"POST4", "post_description"=>"Panda"}}
Completed 400 Bad Request in 0ms (ActiveRecord: 0.0ms | Allocations: 105)


  
ActionController::ParameterMissing (param is missing or the value is empty: posts):
  
app/controllers/posts_controller.rb:26:in `posts_params'
app/controllers/posts_controller.rb:13:in `create'
Started GET "/posts.json" for 127.0.0.1 at 2024-04-29 00:59:56 -0400
Processing by PostsController#index as JSON
  Parameters: {"post"=>{}}
  [1m[36mPost Load (0.3ms)[0m  [1m[34mSELECT "posts".* FROM "posts"[0m
  ↳ app/controllers/posts_controller.rb:6:in `index'
Completed 200 OK in 2ms (Views: 2.0ms | ActiveRecord: 0.3ms | Allocations: 814)


Started GET "/posts.json" for 127.0.0.1 at 2024-04-29 00:59:56 -0400
Processing by PostsController#index as JSON
  Parameters: {"post"=>{}}
  [1m[36mPost Load (0.4ms)[0m  [1m[34mSELECT "posts".* FROM "posts"[0m
  ↳ app/controllers/posts_controller.rb:6:in `index'
Completed 200 OK in 2ms (Views: 1.9ms | ActiveRecord: 0.4ms | Allocations: 807)


Started GET "/posts.json" for 127.0.0.1 at 2024-04-29 01:00:09 -0400
Processing by PostsController#index as JSON
  Parameters: {"post"=>{}}
  [1m[36mPost Load (0.2ms)[0m  [1m[34mSELECT "posts".* FROM "posts"[0m
  ↳ app/controllers/posts_controller.rb:6:in `index'
Completed 200 OK in 3ms (Views: 1.6ms | ActiveRecord: 3.4ms | Allocations: 3041)


Started GET "/posts.json" for 127.0.0.1 at 2024-04-29 01:00:09 -0400
Processing by PostsController#index as JSON
  Parameters: {"post"=>{}}
  [1m[36mPost Load (0.4ms)[0m  [1m[34mSELECT "posts".* FROM "posts"[0m
  ↳ app/controllers/posts_controller.rb:6:in `index'
Completed 200 OK in 1ms (Views: 0.9ms | ActiveRecord: 0.4ms | Allocations: 807)


Started POST "/posts.json" for 127.0.0.1 at 2024-04-29 01:00:15 -0400
Processing by PostsController#create as JSON
  Parameters: {"post"=>{"post_name"=>"POST5", "post_description"=>"Panda"}}
  [1m[36mTRANSACTION (0.3ms)[0m  [1m[35mBEGIN[0m
  ↳ app/controllers/posts_controller.rb:13:in `create'
  [1m[36mPost Create (1.9ms)[0m  [1m[32mINSERT INTO "posts" ("post_name", "post_description", "created_at", "updated_at") VALUES ($1, $2, $3, $4) RETURNING "id"[0m  [["post_name", "POST5"], ["post_description", "Panda"], ["created_at", "2024-04-29 05:00:15.148492"], ["updated_at", "2024-04-29 05:00:15.148492"]]
  ↳ app/controllers/posts_controller.rb:13:in `create'
  [1m[36mTRANSACTION (0.4ms)[0m  [1m[35mCOMMIT[0m
  ↳ app/controllers/posts_controller.rb:13:in `create'
Completed 200 OK in 6ms (Views: 0.3ms | ActiveRecord: 2.5ms | Allocations: 1659)


Started GET "/posts.json" for 127.0.0.1 at 2024-04-29 01:09:35 -0400
Processing by PostsController#index as JSON
  Parameters: {"post"=>{}}
  [1m[36mPost Load (13.1ms)[0m  [1m[34mSELECT "posts".* FROM "posts"[0m
  ↳ app/controllers/posts_controller.rb:6:in `index'
Completed 200 OK in 15ms (Views: -4.1ms | ActiveRecord: 19.3ms | Allocations: 3675)


Started GET "/posts.json" for 127.0.0.1 at 2024-04-29 01:09:35 -0400
Processing by PostsController#index as JSON
  Parameters: {"post"=>{}}
  [1m[36mPost Load (0.3ms)[0m  [1m[34mSELECT "posts".* FROM "posts"[0m
  ↳ app/controllers/posts_controller.rb:6:in `index'
Completed 200 OK in 2ms (Views: 1.6ms | ActiveRecord: 0.3ms | Allocations: 856)


Started GET "/posts/1" for 127.0.0.1 at 2024-04-29 01:11:42 -0400
Processing by PostsController#show as HTML
  Parameters: {"id"=>"1"}
  [1m[36mPost Load (0.3ms)[0m  [1m[34mSELECT "posts".* FROM "posts" WHERE "posts"."id" = $1 LIMIT $2[0m  [["id", 1], ["LIMIT", 1]]
  ↳ app/controllers/posts_controller.rb:9:in `show'
Completed 200 OK in 4ms (Views: 0.5ms | ActiveRecord: 0.5ms | Allocations: 651)


Started GET "/posts.json" for 127.0.0.1 at 2024-04-29 01:22:31 -0400
Processing by PostsController#index as JSON
  Parameters: {"post"=>{}}
  [1m[36mPost Load (0.4ms)[0m  [1m[34mSELECT "posts".* FROM "posts"[0m
  ↳ app/controllers/posts_controller.rb:6:in `index'
Completed 200 OK in 4ms (Views: 3.8ms | ActiveRecord: 5.9ms | Allocations: 3112)


Started GET "/posts.json" for 127.0.0.1 at 2024-04-29 01:22:31 -0400
Processing by PostsController#index as JSON
  Parameters: {"post"=>{}}
  [1m[36mPost Load (0.3ms)[0m  [1m[34mSELECT "posts".* FROM "posts"[0m
  ↳ app/controllers/posts_controller.rb:6:in `index'
Completed 200 OK in 1ms (Views: 0.8ms | ActiveRecord: 0.3ms | Allocations: 856)


Started POST "/posts.json" for 127.0.0.1 at 2024-04-29 01:23:05 -0400
Processing by PostsController#create as JSON
  Parameters: {"post"=>{"post_name"=>"POST6", "post_description"=>"Spock"}}
  [1m[36mTRANSACTION (0.2ms)[0m  [1m[35mBEGIN[0m
  ↳ app/controllers/posts_controller.rb:13:in `create'
  [1m[36mPost Create (2.0ms)[0m  [1m[32mINSERT INTO "posts" ("post_name", "post_description", "created_at", "updated_at") VALUES ($1, $2, $3, $4) RETURNING "id"[0m  [["post_name", "POST6"], ["post_description", "Spock"], ["created_at", "2024-04-29 05:23:05.263085"], ["updated_at", "2024-04-29 05:23:05.263085"]]
  ↳ app/controllers/posts_controller.rb:13:in `create'
  [1m[36mTRANSACTION (0.9ms)[0m  [1m[35mCOMMIT[0m
  ↳ app/controllers/posts_controller.rb:13:in `create'
Completed 200 OK in 7ms (Views: 0.5ms | ActiveRecord: 3.2ms | Allocations: 1659)


Started DELETE "/posts.json/posts/7" for 127.0.0.1 at 2024-04-29 01:23:10 -0400
  
ActionController::RoutingError (No route matches [DELETE] "/posts.json/posts/7"):
  
Started GET "/posts.json" for 127.0.0.1 at 2024-04-29 01:23:12 -0400
Processing by PostsController#index as JSON
  Parameters: {"post"=>{}}
  [1m[36mPost Load (0.5ms)[0m  [1m[34mSELECT "posts".* FROM "posts"[0m
  ↳ app/controllers/posts_controller.rb:6:in `index'
Completed 200 OK in 3ms (Views: 2.7ms | ActiveRecord: 0.5ms | Allocations: 903)


Started GET "/posts.json" for 127.0.0.1 at 2024-04-29 01:23:12 -0400
Processing by PostsController#index as JSON
  Parameters: {"post"=>{}}
  [1m[36mPost Load (0.3ms)[0m  [1m[34mSELECT "posts".* FROM "posts"[0m
  ↳ app/controllers/posts_controller.rb:6:in `index'
Completed 200 OK in 7ms (Views: 6.1ms | ActiveRecord: 0.3ms | Allocations: 905)


Started POST "/posts.json" for 127.0.0.1 at 2024-04-29 01:23:26 -0400
Processing by PostsController#create as JSON
  Parameters: {"post"=>{"post_name"=>"POST7", "post_description"=>"Spock 2"}}
  [1m[36mTRANSACTION (0.3ms)[0m  [1m[35mBEGIN[0m
  ↳ app/controllers/posts_controller.rb:13:in `create'
  [1m[36mPost Create (1.9ms)[0m  [1m[32mINSERT INTO "posts" ("post_name", "post_description", "created_at", "updated_at") VALUES ($1, $2, $3, $4) RETURNING "id"[0m  [["post_name", "POST7"], ["post_description", "Spock 2"], ["created_at", "2024-04-29 05:23:26.928588"], ["updated_at", "2024-04-29 05:23:26.928588"]]
  ↳ app/controllers/posts_controller.rb:13:in `create'
  [1m[36mTRANSACTION (0.3ms)[0m  [1m[35mCOMMIT[0m
  ↳ app/controllers/posts_controller.rb:13:in `create'
Completed 200 OK in 7ms (Views: 0.4ms | ActiveRecord: 2.5ms | Allocations: 1546)


Started GET "/posts/1.json" for 127.0.0.1 at 2024-04-29 01:28:14 -0400
Processing by PostsController#show as JSON
  Parameters: {"id"=>"1"}
  [1m[36mPost Load (0.2ms)[0m  [1m[34mSELECT "posts".* FROM "posts" WHERE "posts"."id" = $1 LIMIT $2[0m  [["id", 1], ["LIMIT", 1]]
  ↳ app/controllers/posts_controller.rb:9:in `show'
Completed 200 OK in 3ms (Views: 0.4ms | ActiveRecord: 0.4ms | Allocations: 649)


Started GET "/favicon.ico" for 127.0.0.1 at 2024-04-29 01:28:14 -0400
  
ActionController::RoutingError (No route matches [GET] "/favicon.ico"):
  
Started GET "/posts.json" for 127.0.0.1 at 2024-04-29 01:29:25 -0400
Processing by PostsController#index as JSON
  Parameters: {"post"=>{}}
  [1m[36mPost Load (0.5ms)[0m  [1m[34mSELECT "posts".* FROM "posts"[0m
  ↳ app/controllers/posts_controller.rb:6:in `index'
Completed 200 OK in 5ms (Views: 4.3ms | ActiveRecord: 0.5ms | Allocations: 951)


Started GET "/posts.json" for 127.0.0.1 at 2024-04-29 01:29:25 -0400
Processing by PostsController#index as JSON
  Parameters: {"post"=>{}}
  [1m[36mPost Load (0.3ms)[0m  [1m[34mSELECT "posts".* FROM "posts"[0m
  ↳ app/controllers/posts_controller.rb:6:in `index'
Completed 200 OK in 6ms (Views: 5.5ms | ActiveRecord: 0.3ms | Allocations: 953)


Started DELETE "/posts.json/posts/7.json" for 127.0.0.1 at 2024-04-29 01:30:23 -0400
  
ActionController::RoutingError (No route matches [DELETE] "/posts.json/posts/7.json"):
  
Started GET "/posts.json" for 127.0.0.1 at 2024-04-29 01:32:55 -0400
Processing by PostsController#index as JSON
  Parameters: {"post"=>{}}
  [1m[36mPost Load (0.1ms)[0m  [1m[34mSELECT "posts".* FROM "posts"[0m
  ↳ app/controllers/posts_controller.rb:6:in `index'
Completed 200 OK in 5ms (Views: 1.8ms | ActiveRecord: 8.0ms | Allocations: 3187)


Started GET "/posts.json" for 127.0.0.1 at 2024-04-29 01:32:55 -0400
Processing by PostsController#index as JSON
  Parameters: {"post"=>{}}
  [1m[36mPost Load (0.4ms)[0m  [1m[34mSELECT "posts".* FROM "posts"[0m
  ↳ app/controllers/posts_controller.rb:6:in `index'
Completed 200 OK in 1ms (Views: 0.9ms | ActiveRecord: 0.4ms | Allocations: 952)


Started DELETE "/posts.json/posts/7.json" for 127.0.0.1 at 2024-04-29 01:33:00 -0400
  
ActionController::RoutingError (No route matches [DELETE] "/posts.json/posts/7.json"):
  
Started GET "/posts,json" for 127.0.0.1 at 2024-04-29 01:33:38 -0400
  
ActionController::RoutingError (No route matches [GET] "/posts,json"):
  
Started GET "/posts,json" for 127.0.0.1 at 2024-04-29 01:33:39 -0400
  
ActionController::RoutingError (No route matches [GET] "/posts,json"):
  
Started GET "/posts,json" for 127.0.0.1 at 2024-04-29 01:33:42 -0400
Started GET "/posts,json" for 127.0.0.1 at 2024-04-29 01:33:42 -0400
  
ActionController::RoutingError (No route matches [GET] "/posts,json"):
  
  
ActionController::RoutingError (No route matches [GET] "/posts,json"):
  
Started GET "/posts.json" for 127.0.0.1 at 2024-04-29 01:33:55 -0400
Processing by PostsController#index as JSON
  Parameters: {"post"=>{}}
  [1m[36mPost Load (0.2ms)[0m  [1m[34mSELECT "posts".* FROM "posts"[0m
  ↳ app/controllers/posts_controller.rb:6:in `index'
Completed 200 OK in 6ms (Views: 4.0ms | ActiveRecord: 3.7ms | Allocations: 3185)


Started GET "/posts.json" for 127.0.0.1 at 2024-04-29 01:33:55 -0400
Processing by PostsController#index as JSON
  Parameters: {"post"=>{}}
  [1m[36mPost Load (0.3ms)[0m  [1m[34mSELECT "posts".* FROM "posts"[0m
  ↳ app/controllers/posts_controller.rb:6:in `index'
Completed 200 OK in 1ms (Views: 0.8ms | ActiveRecord: 0.3ms | Allocations: 951)


Started GET "/posts.json" for 127.0.0.1 at 2024-04-29 01:34:01 -0400
Processing by PostsController#index as JSON
  Parameters: {"post"=>{}}
  [1m[36mPost Load (0.3ms)[0m  [1m[34mSELECT "posts".* FROM "posts"[0m
  ↳ app/controllers/posts_controller.rb:6:in `index'
Completed 200 OK in 1ms (Views: 0.8ms | ActiveRecord: 0.3ms | Allocations: 951)


Started GET "/posts.json" for 127.0.0.1 at 2024-04-29 01:34:01 -0400
Processing by PostsController#index as JSON
  Parameters: {"post"=>{}}
  [1m[36mPost Load (0.5ms)[0m  [1m[34mSELECT "posts".* FROM "posts"[0m
  ↳ app/controllers/posts_controller.rb:6:in `index'
Completed 200 OK in 1ms (Views: 0.9ms | ActiveRecord: 0.5ms | Allocations: 951)


Started DELETE "/posts/posts/7.json" for 127.0.0.1 at 2024-04-29 01:34:03 -0400
  
ActionController::RoutingError (No route matches [DELETE] "/posts/posts/7.json"):
  
Started GET "/posts.json" for 127.0.0.1 at 2024-04-29 01:34:16 -0400
Processing by PostsController#index as JSON
  Parameters: {"post"=>{}}
  [1m[36mPost Load (0.2ms)[0m  [1m[34mSELECT "posts".* FROM "posts"[0m
  ↳ app/controllers/posts_controller.rb:6:in `index'
Completed 200 OK in 1ms (Views: 0.8ms | ActiveRecord: 0.2ms | Allocations: 951)


Started GET "/posts.json" for 127.0.0.1 at 2024-04-29 01:34:16 -0400
Processing by PostsController#index as JSON
  Parameters: {"post"=>{}}
  [1m[36mPost Load (1.1ms)[0m  [1m[34mSELECT "posts".* FROM "posts"[0m
  ↳ app/controllers/posts_controller.rb:6:in `index'
Completed 200 OK in 3ms (Views: 2.3ms | ActiveRecord: 1.1ms | Allocations: 951)


Started GET "/posts.json" for 127.0.0.1 at 2024-04-29 01:34:19 -0400
Processing by PostsController#index as JSON
  Parameters: {"post"=>{}}
  [1m[36mPost Load (0.4ms)[0m  [1m[34mSELECT "posts".* FROM "posts"[0m
  ↳ app/controllers/posts_controller.rb:6:in `index'
Completed 200 OK in 3ms (Views: 2.6ms | ActiveRecord: 0.4ms | Allocations: 951)


Started GET "/posts.json" for 127.0.0.1 at 2024-04-29 01:34:19 -0400
Processing by PostsController#index as JSON
  Parameters: {"post"=>{}}
  [1m[36mPost Load (0.4ms)[0m  [1m[34mSELECT "posts".* FROM "posts"[0m
  ↳ app/controllers/posts_controller.rb:6:in `index'
Completed 200 OK in 2ms (Views: 1.8ms | ActiveRecord: 0.4ms | Allocations: 953)


Started DELETE "/posts/7.json" for 127.0.0.1 at 2024-04-29 01:34:23 -0400
Processing by PostsController#destroy as JSON
  Parameters: {"post"=>{"post_id"=>7}, "id"=>"7"}
  [1m[36mPost Load (0.2ms)[0m  [1m[34mSELECT "posts".* FROM "posts" WHERE "posts"."id" = $1 LIMIT $2[0m  [["id", 7], ["LIMIT", 1]]
  ↳ app/controllers/posts_controller.rb:22:in `destroy'
  [1m[36mTRANSACTION (0.1ms)[0m  [1m[35mBEGIN[0m
  ↳ app/controllers/posts_controller.rb:23:in `destroy'
  [1m[36mPost Destroy (4.3ms)[0m  [1m[31mDELETE FROM "posts" WHERE "posts"."id" = $1[0m  [["id", 7]]
  ↳ app/controllers/posts_controller.rb:23:in `destroy'
  [1m[36mTRANSACTION (0.9ms)[0m  [1m[35mCOMMIT[0m
  ↳ app/controllers/posts_controller.rb:23:in `destroy'
Completed 200 OK in 10ms (Views: 0.5ms | ActiveRecord: 5.5ms | Allocations: 1890)


Started GET "/posts.json" for 127.0.0.1 at 2024-04-29 01:34:34 -0400
Processing by PostsController#index as JSON
  Parameters: {"post"=>{}}
  [1m[36mPost Load (0.4ms)[0m  [1m[34mSELECT "posts".* FROM "posts"[0m
  ↳ app/controllers/posts_controller.rb:6:in `index'
Completed 200 OK in 3ms (Views: 2.3ms | ActiveRecord: 0.4ms | Allocations: 904)


Started GET "/posts.json" for 127.0.0.1 at 2024-04-29 01:34:34 -0400
Processing by PostsController#index as JSON
  Parameters: {"post"=>{}}
  [1m[36mPost Load (0.3ms)[0m  [1m[34mSELECT "posts".* FROM "posts"[0m
  ↳ app/controllers/posts_controller.rb:6:in `index'
Completed 200 OK in 2ms (Views: 1.6ms | ActiveRecord: 0.3ms | Allocations: 904)


Started DELETE "/posts/8.json" for 127.0.0.1 at 2024-04-29 01:34:44 -0400
Processing by PostsController#destroy as JSON
  Parameters: {"post"=>{"post_id"=>8}, "id"=>"8"}
  [1m[36mPost Load (0.3ms)[0m  [1m[34mSELECT "posts".* FROM "posts" WHERE "posts"."id" = $1 LIMIT $2[0m  [["id", 8], ["LIMIT", 1]]
  ↳ app/controllers/posts_controller.rb:22:in `destroy'
  [1m[36mTRANSACTION (0.1ms)[0m  [1m[35mBEGIN[0m
  ↳ app/controllers/posts_controller.rb:23:in `destroy'
  [1m[36mPost Destroy (1.2ms)[0m  [1m[31mDELETE FROM "posts" WHERE "posts"."id" = $1[0m  [["id", 8]]
  ↳ app/controllers/posts_controller.rb:23:in `destroy'
  [1m[36mTRANSACTION (0.4ms)[0m  [1m[35mCOMMIT[0m
  ↳ app/controllers/posts_controller.rb:23:in `destroy'
Completed 200 OK in 5ms (Views: 0.3ms | ActiveRecord: 2.0ms | Allocations: 1624)


Started GET "/posts.json" for 127.0.0.1 at 2024-04-29 01:35:46 -0400
Processing by PostsController#index as JSON
  Parameters: {"post"=>{}}
  [1m[36mPost Load (0.2ms)[0m  [1m[34mSELECT "posts".* FROM "posts"[0m
  ↳ app/controllers/posts_controller.rb:6:in `index'
Completed 200 OK in 3ms (Views: 1.6ms | ActiveRecord: 2.8ms | Allocations: 3091)


Started GET "/posts.json" for 127.0.0.1 at 2024-04-29 01:35:46 -0400
Processing by PostsController#index as JSON
  Parameters: {"post"=>{}}
  [1m[36mPost Load (0.3ms)[0m  [1m[34mSELECT "posts".* FROM "posts"[0m
  ↳ app/controllers/posts_controller.rb:6:in `index'
Completed 200 OK in 1ms (Views: 1.0ms | ActiveRecord: 0.3ms | Allocations: 856)


Started POST "/posts.json" for 127.0.0.1 at 2024-04-29 01:36:03 -0400
Processing by PostsController#create as JSON
  Parameters: {"post"=>{"post_name"=>"POSTSpock", "post_description"=>"Hi Spock1"}}
  [1m[36mTRANSACTION (0.3ms)[0m  [1m[35mBEGIN[0m
  ↳ app/controllers/posts_controller.rb:13:in `create'
  [1m[36mPost Create (2.3ms)[0m  [1m[32mINSERT INTO "posts" ("post_name", "post_description", "created_at", "updated_at") VALUES ($1, $2, $3, $4) RETURNING "id"[0m  [["post_name", "POSTSpock"], ["post_description", "Hi Spock1"], ["created_at", "2024-04-29 05:36:03.671436"], ["updated_at", "2024-04-29 05:36:03.671436"]]
  ↳ app/controllers/posts_controller.rb:13:in `create'
  [1m[36mTRANSACTION (0.3ms)[0m  [1m[35mCOMMIT[0m
  ↳ app/controllers/posts_controller.rb:13:in `create'
Completed 200 OK in 8ms (Views: 0.3ms | ActiveRecord: 2.9ms | Allocations: 1660)


Started DELETE "/posts/9.json" for 127.0.0.1 at 2024-04-29 01:36:07 -0400
Processing by PostsController#destroy as JSON
  Parameters: {"post"=>{"post_id"=>9}, "id"=>"9"}
  [1m[36mPost Load (0.3ms)[0m  [1m[34mSELECT "posts".* FROM "posts" WHERE "posts"."id" = $1 LIMIT $2[0m  [["id", 9], ["LIMIT", 1]]
  ↳ app/controllers/posts_controller.rb:22:in `destroy'
  [1m[36mTRANSACTION (0.1ms)[0m  [1m[35mBEGIN[0m
  ↳ app/controllers/posts_controller.rb:23:in `destroy'
  [1m[36mPost Destroy (1.3ms)[0m  [1m[31mDELETE FROM "posts" WHERE "posts"."id" = $1[0m  [["id", 9]]
  ↳ app/controllers/posts_controller.rb:23:in `destroy'
  [1m[36mTRANSACTION (0.5ms)[0m  [1m[35mCOMMIT[0m
  ↳ app/controllers/posts_controller.rb:23:in `destroy'
  [1m[36mPost Load (0.3ms)[0m  [1m[34mSELECT "posts".* FROM "posts"[0m
  ↳ app/controllers/posts_controller.rb:25:in `destroy'
Completed 200 OK in 8ms (Views: 1.9ms | ActiveRecord: 2.4ms | Allocations: 2536)


Started GET "/posts.json" for 127.0.0.1 at 2024-04-29 01:46:07 -0400
Processing by PostsController#index as JSON
  Parameters: {"post"=>{}}
  [1m[36mPost Load (28.2ms)[0m  [1m[34mSELECT "posts".* FROM "posts"[0m
  ↳ app/controllers/posts_controller.rb:6:in `index'
Completed 200 OK in 30ms (Views: -4.7ms | ActiveRecord: 35.0ms | Allocations: 3675)


Started GET "/posts.json" for 127.0.0.1 at 2024-04-29 01:46:07 -0400
Processing by PostsController#index as JSON
  Parameters: {"post"=>{}}
  [1m[36mPost Load (0.3ms)[0m  [1m[34mSELECT "posts".* FROM "posts"[0m
  ↳ app/controllers/posts_controller.rb:6:in `index'
Completed 200 OK in 2ms (Views: 1.3ms | ActiveRecord: 0.3ms | Allocations: 856)


Started GET "/posts.json" for 127.0.0.1 at 2024-04-29 02:01:35 -0400
Processing by PostsController#index as JSON
  Parameters: {"post"=>{}}
  [1m[36mPost Load (18.2ms)[0m  [1m[34mSELECT "posts".* FROM "posts"[0m
  ↳ app/controllers/posts_controller.rb:6:in `index'
Completed 200 OK in 21ms (Views: -4.1ms | ActiveRecord: 24.9ms | Allocations: 3650)


Started GET "/posts.json" for 127.0.0.1 at 2024-04-29 02:01:35 -0400
Processing by PostsController#index as JSON
  Parameters: {"post"=>{}}
  [1m[36mPost Load (0.4ms)[0m  [1m[34mSELECT "posts".* FROM "posts"[0m
  ↳ app/controllers/posts_controller.rb:6:in `index'
Completed 200 OK in 3ms (Views: 2.1ms | ActiveRecord: 0.4ms | Allocations: 856)


Started GET "/posts.json" for 127.0.0.1 at 2024-04-29 02:11:58 -0400
Processing by PostsController#index as JSON
  Parameters: {"post"=>{}}
  [1m[36mPost Load (12.7ms)[0m  [1m[34mSELECT "posts".* FROM "posts"[0m
  ↳ app/controllers/posts_controller.rb:6:in `index'
Completed 200 OK in 15ms (Views: -2.2ms | ActiveRecord: 17.2ms | Allocations: 3643)


Started GET "/posts.json" for 127.0.0.1 at 2024-04-29 02:11:58 -0400
Processing by PostsController#index as JSON
  Parameters: {"post"=>{}}
  [1m[36mPost Load (0.3ms)[0m  [1m[34mSELECT "posts".* FROM "posts"[0m
  ↳ app/controllers/posts_controller.rb:6:in `index'
Completed 200 OK in 1ms (Views: 0.9ms | ActiveRecord: 0.3ms | Allocations: 856)


Started GET "/posts.json" for 127.0.0.1 at 2024-04-29 02:12:38 -0400
Processing by PostsController#index as JSON
  Parameters: {"post"=>{}}
  [1m[36mPost Load (0.7ms)[0m  [1m[34mSELECT "posts".* FROM "posts"[0m
  ↳ app/controllers/posts_controller.rb:6:in `index'
Completed 200 OK in 2ms (Views: 0.8ms | ActiveRecord: 0.7ms | Allocations: 856)


Started GET "/posts.json" for 127.0.0.1 at 2024-04-29 02:12:38 -0400
Processing by PostsController#index as JSON
  Parameters: {"post"=>{}}
  [1m[36mPost Load (0.3ms)[0m  [1m[34mSELECT "posts".* FROM "posts"[0m
  ↳ app/controllers/posts_controller.rb:6:in `index'
Completed 200 OK in 1ms (Views: 0.8ms | ActiveRecord: 0.3ms | Allocations: 856)


Started GET "/posts.json" for 127.0.0.1 at 2024-04-29 02:13:54 -0400
Processing by PostsController#index as JSON
  Parameters: {"post"=>{}}
  [1m[36mPost Load (0.3ms)[0m  [1m[34mSELECT "posts".* FROM "posts"[0m
  ↳ app/controllers/posts_controller.rb:6:in `index'
Completed 200 OK in 2ms (Views: 1.8ms | ActiveRecord: 0.3ms | Allocations: 856)


Started GET "/posts.json" for 127.0.0.1 at 2024-04-29 02:13:54 -0400
Processing by PostsController#index as JSON
  Parameters: {"post"=>{}}
  [1m[36mPost Load (0.5ms)[0m  [1m[34mSELECT "posts".* FROM "posts"[0m
  ↳ app/controllers/posts_controller.rb:6:in `index'
Completed 200 OK in 3ms (Views: 1.7ms | ActiveRecord: 0.5ms | Allocations: 857)


Started GET "/posts.json" for 127.0.0.1 at 2024-04-29 02:14:25 -0400
Processing by PostsController#index as JSON
  Parameters: {"post"=>{}}
  [1m[36mPost Load (0.4ms)[0m  [1m[34mSELECT "posts".* FROM "posts"[0m
  ↳ app/controllers/posts_controller.rb:6:in `index'
Completed 200 OK in 2ms (Views: 1.9ms | ActiveRecord: 0.4ms | Allocations: 856)


Started GET "/posts.json" for 127.0.0.1 at 2024-04-29 02:14:25 -0400
Processing by PostsController#index as JSON
  Parameters: {"post"=>{}}
  [1m[36mPost Load (0.3ms)[0m  [1m[34mSELECT "posts".* FROM "posts"[0m
  ↳ app/controllers/posts_controller.rb:6:in `index'
Completed 200 OK in 1ms (Views: 0.8ms | ActiveRecord: 0.3ms | Allocations: 856)


Started GET "/posts.json" for 127.0.0.1 at 2024-04-29 02:16:00 -0400
Processing by PostsController#index as JSON
  Parameters: {"post"=>{}}
  [1m[36mPost Load (0.4ms)[0m  [1m[34mSELECT "posts".* FROM "posts"[0m
  ↳ app/controllers/posts_controller.rb:6:in `index'
Completed 200 OK in 2ms (Views: 1.7ms | ActiveRecord: 0.4ms | Allocations: 871)


Started GET "/posts.json" for 127.0.0.1 at 2024-04-29 02:16:00 -0400
Processing by PostsController#index as JSON
  Parameters: {"post"=>{}}
  [1m[36mPost Load (0.4ms)[0m  [1m[34mSELECT "posts".* FROM "posts"[0m
  ↳ app/controllers/posts_controller.rb:6:in `index'
Completed 200 OK in 1ms (Views: 0.8ms | ActiveRecord: 0.4ms | Allocations: 856)


Started GET "/posts.json" for 127.0.0.1 at 2024-04-29 02:16:19 -0400
Processing by PostsController#index as JSON
  Parameters: {"post"=>{}}
  [1m[36mPost Load (0.4ms)[0m  [1m[34mSELECT "posts".* FROM "posts"[0m
  ↳ app/controllers/posts_controller.rb:6:in `index'
Completed 200 OK in 8ms (Views: 7.1ms | ActiveRecord: 0.4ms | Allocations: 857)


Started GET "/posts.json" for 127.0.0.1 at 2024-04-29 02:16:19 -0400
Processing by PostsController#index as JSON
  Parameters: {"post"=>{}}
  [1m[36mPost Load (0.4ms)[0m  [1m[34mSELECT "posts".* FROM "posts"[0m
  ↳ app/controllers/posts_controller.rb:6:in `index'
Completed 200 OK in 1ms (Views: 0.8ms | ActiveRecord: 0.3ms | Allocations: 856)


Started GET "/posts.json" for 127.0.0.1 at 2024-04-29 02:19:27 -0400
Processing by PostsController#index as JSON
  Parameters: {"post"=>{}}
  [1m[36mPost Load (0.3ms)[0m  [1m[34mSELECT "posts".* FROM "posts"[0m
  ↳ app/controllers/posts_controller.rb:6:in `index'
Completed 200 OK in 1ms (Views: 1.1ms | ActiveRecord: 0.3ms | Allocations: 856)


Started GET "/posts.json" for 127.0.0.1 at 2024-04-29 02:19:27 -0400
Processing by PostsController#index as JSON
  Parameters: {"post"=>{}}
  [1m[36mPost Load (0.4ms)[0m  [1m[34mSELECT "posts".* FROM "posts"[0m
  ↳ app/controllers/posts_controller.rb:6:in `index'
Completed 200 OK in 1ms (Views: 1.0ms | ActiveRecord: 0.3ms | Allocations: 856)


Started GET "/posts.json" for 127.0.0.1 at 2024-04-29 02:19:43 -0400
Processing by PostsController#index as JSON
  Parameters: {"post"=>{}}
  [1m[36mPost Load (1.0ms)[0m  [1m[34mSELECT "posts".* FROM "posts"[0m
  ↳ app/controllers/posts_controller.rb:6:in `index'
Completed 200 OK in 3ms (Views: 2.3ms | ActiveRecord: 1.0ms | Allocations: 856)


Started GET "/posts.json" for 127.0.0.1 at 2024-04-29 02:19:43 -0400
Processing by PostsController#index as JSON
  Parameters: {"post"=>{}}
  [1m[36mPost Load (0.4ms)[0m  [1m[34mSELECT "posts".* FROM "posts"[0m
  ↳ app/controllers/posts_controller.rb:6:in `index'
Completed 200 OK in 3ms (Views: 2.3ms | ActiveRecord: 0.4ms | Allocations: 856)


Started GET "/posts.json" for 127.0.0.1 at 2024-04-29 02:20:00 -0400
Processing by PostsController#index as JSON
  Parameters: {"post"=>{}}
  [1m[36mPost Load (0.3ms)[0m  [1m[34mSELECT "posts".* FROM "posts"[0m
  ↳ app/controllers/posts_controller.rb:6:in `index'
Completed 200 OK in 2ms (Views: 1.9ms | ActiveRecord: 0.3ms | Allocations: 856)


Started GET "/posts.json" for 127.0.0.1 at 2024-04-29 02:20:02 -0400
Processing by PostsController#index as JSON
  Parameters: {"post"=>{}}
  [1m[36mPost Load (0.3ms)[0m  [1m[34mSELECT "posts".* FROM "posts"[0m
  ↳ app/controllers/posts_controller.rb:6:in `index'
Completed 200 OK in 1ms (Views: 0.9ms | ActiveRecord: 0.3ms | Allocations: 856)


Started GET "/posts.json" for 127.0.0.1 at 2024-04-29 02:20:02 -0400
Processing by PostsController#index as JSON
  Parameters: {"post"=>{}}
  [1m[36mPost Load (0.3ms)[0m  [1m[34mSELECT "posts".* FROM "posts"[0m
  ↳ app/controllers/posts_controller.rb:6:in `index'
Completed 200 OK in 2ms (Views: 1.2ms | ActiveRecord: 0.3ms | Allocations: 856)


Started GET "/posts.json" for 127.0.0.1 at 2024-04-29 02:21:56 -0400
Started GET "/posts.json" for 127.0.0.1 at 2024-04-29 02:21:56 -0400
Processing by PostsController#index as JSON
  Parameters: {"post"=>{}}
  [1m[36mPost Load (0.4ms)[0m  [1m[34mSELECT "posts".* FROM "posts"[0m
  ↳ app/controllers/posts_controller.rb:6:in `index'
Completed 200 OK in 3ms (Views: 2.3ms | ActiveRecord: 0.4ms | Allocations: 913)


Processing by PostsController#index as JSON
  Parameters: {"post"=>{}}
  [1m[36mPost Load (0.3ms)[0m  [1m[34mSELECT "posts".* FROM "posts"[0m
  ↳ app/controllers/posts_controller.rb:6:in `index'
Completed 200 OK in 2ms (Views: 1.7ms | ActiveRecord: 0.3ms | Allocations: 856)


Started PUT "/posts/1.json" for 127.0.0.1 at 2024-04-29 02:22:11 -0400
Processing by PostsController#update as JSON
  Parameters: {"post"=>{"id"=>1, "post_name"=>"POST1", "post_description"=>"HamsterEdit"}, "id"=>"1"}
  [1m[36mPost Load (0.5ms)[0m  [1m[34mSELECT "posts".* FROM "posts" WHERE "posts"."id" = $1 LIMIT $2[0m  [["id", 1], ["LIMIT", 1]]
  ↳ app/controllers/posts_controller.rb:17:in `update'
  [1m[36mTRANSACTION (0.1ms)[0m  [1m[35mBEGIN[0m
  ↳ app/controllers/posts_controller.rb:18:in `update'
  [1m[36mPost Update (1.7ms)[0m  [1m[33mUPDATE "posts" SET "post_description" = $1, "updated_at" = $2 WHERE "posts"."id" = $3[0m  [["post_description", "HamsterEdit"], ["updated_at", "2024-04-29 06:22:11.748627"], ["id", 1]]
  ↳ app/controllers/posts_controller.rb:18:in `update'
  [1m[36mTRANSACTION (0.9ms)[0m  [1m[35mCOMMIT[0m
  ↳ app/controllers/posts_controller.rb:18:in `update'
Completed 200 OK in 8ms (Views: 0.2ms | ActiveRecord: 3.3ms | Allocations: 2156)


Started GET "/posts.json" for 127.0.0.1 at 2024-04-29 02:32:52 -0400
Processing by PostsController#index as JSON
  Parameters: {"post"=>{}}
  [1m[36mPost Load (12.1ms)[0m  [1m[34mSELECT "posts".* FROM "posts"[0m
  ↳ app/controllers/posts_controller.rb:6:in `index'
Completed 200 OK in 21ms (Views: 2.0ms | ActiveRecord: 18.4ms | Allocations: 3676)


Started GET "/posts.json" for 127.0.0.1 at 2024-04-29 02:32:52 -0400
Processing by PostsController#index as JSON
  Parameters: {"post"=>{}}
  [1m[36mPost Load (0.3ms)[0m  [1m[34mSELECT "posts".* FROM "posts"[0m
  ↳ app/controllers/posts_controller.rb:6:in `index'
Completed 200 OK in 2ms (Views: 1.8ms | ActiveRecord: 0.3ms | Allocations: 856)


Started GET "/posts.json" for 127.0.0.1 at 2024-04-29 08:28:17 -0400
  [1m[36mActiveRecord::SchemaMigration Load (3.7ms)[0m  [1m[34mSELECT "schema_migrations"."version" FROM "schema_migrations" ORDER BY "schema_migrations"."version" ASC[0m
Processing by PostsController#index as JSON
  Parameters: {"post"=>{}}
  [1m[36mPost Load (1.6ms)[0m  [1m[34mSELECT "posts".* FROM "posts"[0m
  ↳ app/controllers/posts_controller.rb:6:in `index'
Completed 200 OK in 14ms (Views: 4.5ms | ActiveRecord: 23.1ms | Allocations: 12177)


Started GET "/posts.json" for 127.0.0.1 at 2024-04-29 08:28:17 -0400
Processing by PostsController#index as JSON
  Parameters: {"post"=>{}}
  [1m[36mPost Load (0.3ms)[0m  [1m[34mSELECT "posts".* FROM "posts"[0m
  ↳ app/controllers/posts_controller.rb:6:in `index'
Completed 200 OK in 1ms (Views: 0.6ms | ActiveRecord: 0.2ms | Allocations: 872)


Started POST "/posts.json" for 127.0.0.1 at 2024-04-29 08:28:29 -0400
Processing by PostsController#create as JSON
  Parameters: {"post"=>{"post_name"=>"POST6", "post_description"=>"ADRIANA"}}
  [1m[36mTRANSACTION (0.3ms)[0m  [1m[35mBEGIN[0m
  ↳ app/controllers/posts_controller.rb:13:in `create'
  [1m[36mPost Create (4.2ms)[0m  [1m[32mINSERT INTO "posts" ("post_name", "post_description", "created_at", "updated_at") VALUES ($1, $2, $3, $4) RETURNING "id"[0m  [["post_name", "POST6"], ["post_description", "ADRIANA"], ["created_at", "2024-04-29 12:28:29.315493"], ["updated_at", "2024-04-29 12:28:29.315493"]]
  ↳ app/controllers/posts_controller.rb:13:in `create'
  [1m[36mTRANSACTION (0.4ms)[0m  [1m[35mCOMMIT[0m
  ↳ app/controllers/posts_controller.rb:13:in `create'
Completed 200 OK in 9ms (Views: 0.3ms | ActiveRecord: 4.8ms | Allocations: 2255)


Started PUT "/posts/10.json" for 127.0.0.1 at 2024-04-29 08:28:37 -0400
Processing by PostsController#update as JSON
  Parameters: {"post"=>{"id"=>10, "post_name"=>"POST6", "post_description"=>"Alli"}, "id"=>"10"}
  [1m[36mPost Load (0.5ms)[0m  [1m[34mSELECT "posts".* FROM "posts" WHERE "posts"."id" = $1 LIMIT $2[0m  [["id", 10], ["LIMIT", 1]]
  ↳ app/controllers/posts_controller.rb:17:in `update'
  [1m[36mTRANSACTION (0.1ms)[0m  [1m[35mBEGIN[0m
  ↳ app/controllers/posts_controller.rb:18:in `update'
  [1m[36mPost Update (3.2ms)[0m  [1m[33mUPDATE "posts" SET "post_description" = $1, "updated_at" = $2 WHERE "posts"."id" = $3[0m  [["post_description", "Alli"], ["updated_at", "2024-04-29 12:28:37.715823"], ["id", 10]]
  ↳ app/controllers/posts_controller.rb:18:in `update'
  [1m[36mTRANSACTION (0.3ms)[0m  [1m[35mCOMMIT[0m
  ↳ app/controllers/posts_controller.rb:18:in `update'
Completed 200 OK in 15ms (Views: 0.5ms | ActiveRecord: 4.2ms | Allocations: 2870)


Started DELETE "/posts/10.json" for 127.0.0.1 at 2024-04-29 08:28:40 -0400
Processing by PostsController#destroy as JSON
  Parameters: {"post"=>{"post_id"=>10}, "id"=>"10"}
  [1m[36mPost Load (0.3ms)[0m  [1m[34mSELECT "posts".* FROM "posts" WHERE "posts"."id" = $1 LIMIT $2[0m  [["id", 10], ["LIMIT", 1]]
  ↳ app/controllers/posts_controller.rb:22:in `destroy'
  [1m[36mTRANSACTION (0.1ms)[0m  [1m[35mBEGIN[0m
  ↳ app/controllers/posts_controller.rb:23:in `destroy'
  [1m[36mPost Destroy (1.1ms)[0m  [1m[31mDELETE FROM "posts" WHERE "posts"."id" = $1[0m  [["id", 10]]
  ↳ app/controllers/posts_controller.rb:23:in `destroy'
  [1m[36mTRANSACTION (0.7ms)[0m  [1m[35mCOMMIT[0m
  ↳ app/controllers/posts_controller.rb:23:in `destroy'
  [1m[36mPost Load (0.2ms)[0m  [1m[34mSELECT "posts".* FROM "posts"[0m
  ↳ app/controllers/posts_controller.rb:25:in `destroy'
Completed 200 OK in 8ms (Views: 2.3ms | ActiveRecord: 2.3ms | Allocations: 2466)


Started GET "/posts.json" for 127.0.0.1 at 2024-04-29 09:24:31 -0400
  [1m[36mActiveRecord::SchemaMigration Load (1.2ms)[0m  [1m[34mSELECT "schema_migrations"."version" FROM "schema_migrations" ORDER BY "schema_migrations"."version" ASC[0m
Processing by PostsController#index as JSON
  Parameters: {"post"=>{}}
  [1m[36mPost Load (0.5ms)[0m  [1m[34mSELECT "posts".* FROM "posts"[0m
  ↳ app/controllers/posts_controller.rb:6:in `index'
Completed 200 OK in 13ms (Views: 4.1ms | ActiveRecord: 13.4ms | Allocations: 12178)


Started GET "/posts.json" for 127.0.0.1 at 2024-04-29 09:24:31 -0400
Processing by PostsController#index as JSON
  Parameters: {"post"=>{}}
  [1m[36mPost Load (0.3ms)[0m  [1m[34mSELECT "posts".* FROM "posts"[0m
  ↳ app/controllers/posts_controller.rb:6:in `index'
Completed 200 OK in 1ms (Views: 0.5ms | ActiveRecord: 0.3ms | Allocations: 858)


Started GET "/posts.json" for 127.0.0.1 at 2024-04-29 09:32:22 -0400
Processing by PostsController#index as JSON
  Parameters: {"post"=>{}}
  [1m[36mPost Load (13.2ms)[0m  [1m[34mSELECT "posts".* FROM "posts"[0m
  ↳ app/controllers/posts_controller.rb:6:in `index'
Completed 200 OK in 16ms (Views: -3.4ms | ActiveRecord: 19.2ms | Allocations: 3639)


Started GET "/posts.json" for 127.0.0.1 at 2024-04-29 09:32:22 -0400
Processing by PostsController#index as JSON
  Parameters: {"post"=>{}}
  [1m[36mPost Load (0.6ms)[0m  [1m[34mSELECT "posts".* FROM "posts"[0m
  ↳ app/controllers/posts_controller.rb:6:in `index'
Completed 200 OK in 3ms (Views: 2.1ms | ActiveRecord: 0.6ms | Allocations: 856)


Started GET "/posts.json" for 127.0.0.1 at 2024-04-29 09:33:48 -0400
Processing by PostsController#index as JSON
  Parameters: {"post"=>{}}
  [1m[36mPost Load (0.7ms)[0m  [1m[34mSELECT "posts".* FROM "posts"[0m
  ↳ app/controllers/posts_controller.rb:6:in `index'
Completed 200 OK in 4ms (Views: 3.1ms | ActiveRecord: 0.7ms | Allocations: 869)


Started GET "/posts.json" for 127.0.0.1 at 2024-04-29 09:33:51 -0400
Processing by PostsController#index as JSON
  Parameters: {"post"=>{}}
  [1m[36mPost Load (0.4ms)[0m  [1m[34mSELECT "posts".* FROM "posts"[0m
  ↳ app/controllers/posts_controller.rb:6:in `index'
Completed 200 OK in 2ms (Views: 1.8ms | ActiveRecord: 0.4ms | Allocations: 869)


Started GET "/posts.json" for 127.0.0.1 at 2024-04-29 09:33:51 -0400
Processing by PostsController#index as JSON
  Parameters: {"post"=>{}}
  [1m[36mPost Load (0.3ms)[0m  [1m[34mSELECT "posts".* FROM "posts"[0m
  ↳ app/controllers/posts_controller.rb:6:in `index'
Completed 200 OK in 2ms (Views: 1.6ms | ActiveRecord: 0.3ms | Allocations: 856)


Started GET "/posts.json" for 127.0.0.1 at 2024-04-29 09:34:23 -0400
Processing by PostsController#index as JSON
  Parameters: {"post"=>{}}
  [1m[36mPost Load (0.5ms)[0m  [1m[34mSELECT "posts".* FROM "posts"[0m
  ↳ app/controllers/posts_controller.rb:6:in `index'
Completed 200 OK in 3ms (Views: 2.7ms | ActiveRecord: 0.5ms | Allocations: 856)


Started GET "/posts.json" for 127.0.0.1 at 2024-04-29 09:34:23 -0400
Processing by PostsController#index as JSON
  Parameters: {"post"=>{}}
  [1m[36mPost Load (0.5ms)[0m  [1m[34mSELECT "posts".* FROM "posts"[0m
  ↳ app/controllers/posts_controller.rb:6:in `index'
Completed 200 OK in 2ms (Views: 1.5ms | ActiveRecord: 0.5ms | Allocations: 857)


Started GET "/posts.json" for 127.0.0.1 at 2024-04-29 09:37:34 -0400
Processing by PostsController#index as JSON
  Parameters: {"post"=>{}}
  [1m[36mPost Load (0.2ms)[0m  [1m[34mSELECT "posts".* FROM "posts"[0m
  ↳ app/controllers/posts_controller.rb:6:in `index'
Completed 200 OK in 2ms (Views: 1.9ms | ActiveRecord: 0.2ms | Allocations: 856)


Started GET "/posts.json" for 127.0.0.1 at 2024-04-29 09:37:34 -0400
Processing by PostsController#index as JSON
  Parameters: {"post"=>{}}
  [1m[36mPost Load (0.3ms)[0m  [1m[34mSELECT "posts".* FROM "posts"[0m
  ↳ app/controllers/posts_controller.rb:6:in `index'
Completed 200 OK in 2ms (Views: 1.8ms | ActiveRecord: 0.3ms | Allocations: 856)


Started POST "/posts.json" for 127.0.0.1 at 2024-04-29 09:39:12 -0400
Processing by PostsController#create as JSON
  Parameters: {"post"=>{"post_name"=>"POST6", "post_description"=>"Add"}}
  [1m[36mTRANSACTION (0.2ms)[0m  [1m[35mBEGIN[0m
  ↳ app/controllers/posts_controller.rb:13:in `create'
  [1m[36mPost Create (2.3ms)[0m  [1m[32mINSERT INTO "posts" ("post_name", "post_description", "created_at", "updated_at") VALUES ($1, $2, $3, $4) RETURNING "id"[0m  [["post_name", "POST6"], ["post_description", "Add"], ["created_at", "2024-04-29 13:39:12.329453"], ["updated_at", "2024-04-29 13:39:12.329453"]]
  ↳ app/controllers/posts_controller.rb:13:in `create'
  [1m[36mTRANSACTION (1.6ms)[0m  [1m[35mCOMMIT[0m
  ↳ app/controllers/posts_controller.rb:13:in `create'
Completed 200 OK in 10ms (Views: 0.3ms | ActiveRecord: 4.0ms | Allocations: 2254)


Started PUT "/posts/11.json" for 127.0.0.1 at 2024-04-29 09:39:17 -0400
Processing by PostsController#update as JSON
  Parameters: {"post"=>{"id"=>11, "post_name"=>"POST6", "post_description"=>"AddEditado"}, "id"=>"11"}
  [1m[36mPost Load (0.2ms)[0m  [1m[34mSELECT "posts".* FROM "posts" WHERE "posts"."id" = $1 LIMIT $2[0m  [["id", 11], ["LIMIT", 1]]
  ↳ app/controllers/posts_controller.rb:17:in `update'
  [1m[36mTRANSACTION (0.1ms)[0m  [1m[35mBEGIN[0m
  ↳ app/controllers/posts_controller.rb:18:in `update'
  [1m[36mPost Update (2.5ms)[0m  [1m[33mUPDATE "posts" SET "post_description" = $1, "updated_at" = $2 WHERE "posts"."id" = $3[0m  [["post_description", "AddEditado"], ["updated_at", "2024-04-29 13:39:17.974580"], ["id", 11]]
  ↳ app/controllers/posts_controller.rb:18:in `update'
  [1m[36mTRANSACTION (0.4ms)[0m  [1m[35mCOMMIT[0m
  ↳ app/controllers/posts_controller.rb:18:in `update'
Completed 200 OK in 18ms (Views: 0.4ms | ActiveRecord: 3.3ms | Allocations: 3767)


Started DELETE "/posts/11.json" for 127.0.0.1 at 2024-04-29 09:39:19 -0400
Processing by PostsController#destroy as JSON
  Parameters: {"post"=>{"post_id"=>11}, "id"=>"11"}
  [1m[36mPost Load (0.5ms)[0m  [1m[34mSELECT "posts".* FROM "posts" WHERE "posts"."id" = $1 LIMIT $2[0m  [["id", 11], ["LIMIT", 1]]
  ↳ app/controllers/posts_controller.rb:22:in `destroy'
  [1m[36mTRANSACTION (0.1ms)[0m  [1m[35mBEGIN[0m
  ↳ app/controllers/posts_controller.rb:23:in `destroy'
  [1m[36mPost Destroy (1.3ms)[0m  [1m[31mDELETE FROM "posts" WHERE "posts"."id" = $1[0m  [["id", 11]]
  ↳ app/controllers/posts_controller.rb:23:in `destroy'
  [1m[36mTRANSACTION (0.6ms)[0m  [1m[35mCOMMIT[0m
  ↳ app/controllers/posts_controller.rb:23:in `destroy'
  [1m[36mPost Load (0.2ms)[0m  [1m[34mSELECT "posts".* FROM "posts"[0m
  ↳ app/controllers/posts_controller.rb:25:in `destroy'
Completed 200 OK in 9ms (Views: 2.1ms | ActiveRecord: 2.7ms | Allocations: 2453)


